

Microchip MPLAB XC8 Assembler V2.10 build 88905656 
                                                                                               Tue Nov 19 14:16:55 2019

Microchip MPLAB XC8 C Compiler v2.10 (Free license) build 20190730164152 Og1 
     1                           	processor	18F4585
     2                           	fnconf	rparam,??,?,0
     3                           	opt	pw 120
     4                           	opt	flic
     5                           	psect	cinit,global,reloc=2,class=CODE,delta=1
     6                           	psect	bssCOMRAM,global,class=COMRAM,space=1,delta=1,noexec
     7                           	psect	cstackCOMRAM,global,class=COMRAM,space=1,delta=1,noexec
     8                           	psect	text0,global,reloc=2,class=CODE,delta=1
     9                           	psect	text1,global,reloc=2,class=CODE,delta=1
    10                           	psect	intsave_regs,global,class=BIGRAM,space=1,delta=1,noexec
    11                           	psect	rparam,global,class=COMRAM,space=1,delta=1,noexec
    12  0000                     
    13                           ; Version 2.10
    14                           ; Generated 31/07/2019 GMT
    15                           ; 
    16                           ; Copyright © 2019, Microchip Technology Inc. and its subsidiaries ("Microchip")
    17                           ; All rights reserved.
    18                           ; 
    19                           ; This software is developed by Microchip Technology Inc. and its subsidiaries ("Microch
      +                          ip").
    20                           ; 
    21                           ; Redistribution and use in source and binary forms, with or without modification, are
    22                           ; permitted provided that the following conditions are met:
    23                           ; 
    24                           ;     1. Redistributions of source code must retain the above copyright notice, this lis
      +                          t of
    25                           ;        conditions and the following disclaimer.
    26                           ; 
    27                           ;     2. Redistributions in binary form must reproduce the above copyright notice, this 
      +                          list
    28                           ;        of conditions and the following disclaimer in the documentation and/or other
    29                           ;        materials provided with the distribution.
    30                           ; 
    31                           ;     3. Microchip's name may not be used to endorse or promote products derived from th
      +                          is
    32                           ;        software without specific prior written permission.
    33                           ; 
    34                           ; THIS SOFTWARE IS PROVIDED BY MICROCHIP "AS IS" AND ANY EXPRESS OR IMPLIED WARRANTIES,
    35                           ; INCLUDING, BUT NOT LIMITED TO, THE IMPLIED WARRANTIES OF MERCHANTABILITY AND FITNESS F
      +                          OR
    36                           ; PURPOSE ARE DISCLAIMED.  IN NO EVENT SHALL MICROCHIP BE LIABLE FOR ANY DIRECT, INDIREC
      +                          T,
    37                           ; INCIDENTAL, SPECIAL, EXEMPLARY, OR CONSEQUENTIAL DAMAGES (INCLUDING BUT NOT LIMITED TO
    38                           ; PROCUREMENT OF SUBSTITUTE GOODS OR SERVICES; LOSS OF USE, DATA OR PROFITS; OR BUSINESS
    39                           ; INTERRUPTION) HOWSOEVER CAUSED AND ON ANY THEORY OF LIABILITY, WHETHER IN CONTRACT, ST
      +                          RICT
    40                           ; LIABILITY, OR TORT (INCLUDING NEGLIGENCE OR OTHERWISE) ARISING IN ANY WAY OUT OF THE U
      +                          SE OF
    41                           ; THIS SOFTWARE, EVEN IF ADVISED OF THE POSSIBILITY OF SUCH DAMAGE.
    42                           ; 
    43                           ; 
    44                           ; Code-generator required, PIC18F4585 Definitions
    45                           ; 
    46                           ; SFR Addresses
    47  0000                     _PORTC	set	3970
    48  0000                     _ADCON2bits	set	4032
    49  0000                     _ADCON1bits	set	4033
    50  0000                     _TRISC	set	3988
    51  0000                     _TRISAbits	set	3986
    52  0000                     _ADRESH	set	4036
    53  0000                     _ADRESL	set	4035
    54  0000                     _ADCON0bits	set	4034
    55                           
    56                           ; #config settings
    57  0000                     
    58                           	psect	cinit
    59  00BF9E                     __pcinit:
    60                           	opt callstack 0
    61  00BF9E                     start_initialization:
    62                           	opt callstack 0
    63  00BF9E                     __initialization:
    64                           	opt callstack 0
    65                           
    66                           ; Clear objects allocated to COMRAM (2 bytes)
    67  00BF9E  6A02               	clrf	(__pbssCOMRAM+1)& (0+255),c
    68  00BFA0  6A01               	clrf	__pbssCOMRAM& (0+255),c
    69  00BFA2                     end_of_initialization:
    70                           	opt callstack 0
    71  00BFA2                     __end_of__initialization:
    72                           	opt callstack 0
    73  00BFA2  0100               	movlb	0
    74  00BFA4  EFE3  F05F         	goto	_main	;jump to C main() function
    75                           
    76                           	psect	bssCOMRAM
    77  000001                     __pbssCOMRAM:
    78                           	opt callstack 0
    79  000001                     _MSB:
    80                           	opt callstack 0
    81  000001                     	ds	1
    82  000002                     _LSB:
    83                           	opt callstack 0
    84  000002                     	ds	1
    85                           
    86                           	psect	cstackCOMRAM
    87  000000                     __pcstackCOMRAM:
    88                           	opt callstack 0
    89  000000                     
    90                           ; 1 bytes @ 0x0
    91 ;;
    92 ;;Main: autosize = 0, tempsize = 0, incstack = 0, save=0
    93 ;;
    94 ;; *************** function _main *****************
    95 ;; Defined at:
    96 ;;		line 14 in file "Adc_Uso.c"
    97 ;; Parameters:    Size  Location     Type
    98 ;;		None
    99 ;; Auto vars:     Size  Location     Type
   100 ;;		None
   101 ;; Return value:  Size  Location     Type
   102 ;;                  1    wreg      void 
   103 ;; Registers used:
   104 ;;		wreg, status,2, cstack
   105 ;; Tracked objects:
   106 ;;		On entry : 0/0
   107 ;;		On exit  : 0/0
   108 ;;		Unchanged: 0/0
   109 ;; Data sizes:     COMRAM   BANK0   BANK1   BANK2   BANK3   BANK4   BANK5   BANK6   BANK7   BANK8   BANK9  BANK10  BANK1
      +1  BANK12
   110 ;;      Params:         0       0       0       0       0       0       0       0       0       0       0       0       
      +0       0
   111 ;;      Locals:         0       0       0       0       0       0       0       0       0       0       0       0       
      +0       0
   112 ;;      Temps:          0       0       0       0       0       0       0       0       0       0       0       0       
      +0       0
   113 ;;      Totals:         0       0       0       0       0       0       0       0       0       0       0       0       
      +0       0
   114 ;;Total ram usage:        0 bytes
   115 ;; Hardware stack levels required when called:    1
   116 ;; This function calls:
   117 ;;		_CONVERT_A_D
   118 ;; This function is called by:
   119 ;;		Startup code after reset
   120 ;; This function uses a non-reentrant model
   121 ;;
   122                           
   123                           	psect	text0
   124  00BFC6                     __ptext0:
   125                           	opt callstack 0
   126  00BFC6                     _main:
   127                           	opt callstack 30
   128  00BFC6                     
   129                           ;Adc_Uso.c: 16:     }
   130  00BFC6  8092               	bsf	146,0,c	;volatile
   131  00BFC8                     
   132                           ;Adc_Uso.c: 17:     return;
   133  00BFC8  0E00               	movlw	0
   134  00BFCA  6E94               	movwf	148,c	;volatile
   135  00BFCC  50C1               	movf	193,w,c	;volatile
   136  00BFCE  0BF0               	andlw	-16
   137  00BFD0  090E               	iorlw	14
   138  00BFD2  6EC1               	movwf	193,c	;volatile
   139  00BFD4  0ECF               	movlw	-49
   140  00BFD6  16C1               	andwf	193,f,c	;volatile
   141  00BFD8  0EC3               	movlw	-61
   142  00BFDA  16C2               	andwf	194,f,c	;volatile
   143  00BFDC  8EC0               	bsf	192,7,c	;volatile
   144  00BFDE  50C0               	movf	192,w,c	;volatile
   145  00BFE0  0BC7               	andlw	-57
   146  00BFE2  0930               	iorlw	48
   147  00BFE4  6EC0               	movwf	192,c	;volatile
   148  00BFE6  50C0               	movf	192,w,c	;volatile
   149  00BFE8  0BF8               	andlw	-8
   150  00BFEA  0904               	iorlw	4
   151  00BFEC  6EC0               	movwf	192,c	;volatile
   152  00BFEE                     l742:
   153  00BFEE  80C2               	bsf	194,0,c	;volatile
   154  00BFF0  ECD4  F05F         	call	_CONVERT_A_D	;wreg free
   155  00BFF4  C002  FF82         	movff	_LSB,3970	;volatile
   156  00BFF8  EFF7  F05F         	goto	l742
   157  00BFFC  EF00  F000         	goto	start
   158  00C000                     __end_of_main:
   159                           	opt callstack 0
   160                           
   161 ;; *************** function _CONVERT_A_D *****************
   162 ;; Defined at:
   163 ;;		line 4 in file "ADC.c"
   164 ;; Parameters:    Size  Location     Type
   165 ;;		None
   166 ;; Auto vars:     Size  Location     Type
   167 ;;		None
   168 ;; Return value:  Size  Location     Type
   169 ;;                  1    wreg      void 
   170 ;; Registers used:
   171 ;;		None
   172 ;; Tracked objects:
   173 ;;		On entry : 0/0
   174 ;;		On exit  : 0/0
   175 ;;		Unchanged: 0/0
   176 ;; Data sizes:     COMRAM   BANK0   BANK1   BANK2   BANK3   BANK4   BANK5   BANK6   BANK7   BANK8   BANK9  BANK10  BANK1
      +1  BANK12
   177 ;;      Params:         0       0       0       0       0       0       0       0       0       0       0       0       
      +0       0
   178 ;;      Locals:         0       0       0       0       0       0       0       0       0       0       0       0       
      +0       0
   179 ;;      Temps:          0       0       0       0       0       0       0       0       0       0       0       0       
      +0       0
   180 ;;      Totals:         0       0       0       0       0       0       0       0       0       0       0       0       
      +0       0
   181 ;;Total ram usage:        0 bytes
   182 ;; Hardware stack levels used:    1
   183 ;; This function calls:
   184 ;;		Nothing
   185 ;; This function is called by:
   186 ;;		_main
   187 ;; This function uses a non-reentrant model
   188 ;;
   189                           
   190                           	psect	text1
   191  00BFA8                     __ptext1:
   192                           	opt callstack 0
   193  00BFA8                     _CONVERT_A_D:
   194                           	opt callstack 30
   195  00BFA8  82C2               	bsf	194,1,c	;volatile
   196  00BFAA                     
   197                           ;ADC.c: 6:     __nop();
   198  00BFAA  F000               	nop	
   199  00BFAC                     l17:
   200                           
   201                           ;ADC.c: 7:     while (ADCON0bits.GO == 1) {
   202  00BFAC  B2C2               	btfsc	194,1,c	;volatile
   203  00BFAE  EFDB  F05F         	goto	u11
   204  00BFB2  EFDD  F05F         	goto	u10
   205  00BFB6                     u11:
   206  00BFB6  EFD6  F05F         	goto	l17
   207  00BFBA                     u10:
   208  00BFBA                     
   209                           ;ADC.c: 9:     __nop();
   210  00BFBA  F000               	nop	
   211                           
   212                           ;ADC.c: 10:     LSB = ADRESL;
   213  00BFBC  CFC3 F002          	movff	4035,_LSB	;volatile
   214                           
   215                           ;ADC.c: 11:     MSB = ADRESH;
   216  00BFC0  CFC4 F001          	movff	4036,_MSB	;volatile
   217  00BFC4  0012               	return		;funcret
   218  00BFC6                     __end_of_CONVERT_A_D:
   219                           	opt callstack 0
   220  0000                     
   221                           	psect	rparam
   222  0000                     tosu	equ	0xFFF
   223                           tosh	equ	0xFFE
   224                           tosl	equ	0xFFD
   225                           stkptr	equ	0xFFC
   226                           pclatu	equ	0xFFB
   227                           pclath	equ	0xFFA
   228                           pcl	equ	0xFF9
   229                           tblptru	equ	0xFF8
   230                           tblptrh	equ	0xFF7
   231                           tblptrl	equ	0xFF6
   232                           tablat	equ	0xFF5
   233                           prodh	equ	0xFF4
   234                           prodl	equ	0xFF3
   235                           indf0	equ	0xFEF
   236                           postinc0	equ	0xFEE
   237                           postdec0	equ	0xFED
   238                           preinc0	equ	0xFEC
   239                           plusw0	equ	0xFEB
   240                           fsr0h	equ	0xFEA
   241                           fsr0l	equ	0xFE9
   242                           wreg	equ	0xFE8
   243                           indf1	equ	0xFE7
   244                           postinc1	equ	0xFE6
   245                           postdec1	equ	0xFE5
   246                           preinc1	equ	0xFE4
   247                           plusw1	equ	0xFE3
   248                           fsr1h	equ	0xFE2
   249                           fsr1l	equ	0xFE1
   250                           bsr	equ	0xFE0
   251                           indf2	equ	0xFDF
   252                           postinc2	equ	0xFDE
   253                           postdec2	equ	0xFDD
   254                           preinc2	equ	0xFDC
   255                           plusw2	equ	0xFDB
   256                           fsr2h	equ	0xFDA
   257                           fsr2l	equ	0xFD9
   258                           status	equ	0xFD8


Data Sizes:
    Strings     0
    Constant    0
    Data        0
    BSS         2
    Persistent  0
    Stack       0

Auto Spaces:
    Space          Size  Autos    Used
    COMRAM           95      0       2
    BANK0           160      0       0
    BANK1           256      0       0
    BANK2           256      0       0
    BANK3           256      0       0
    BANK4           256      0       0
    BANK5           256      0       0
    BANK6           256      0       0
    BANK7           256      0       0
    BANK8           256      0       0
    BANK9           256      0       0
    BANK10          256      0       0
    BANK11          256      0       0
    BANK12          256      0       0

Pointer List with Targets:

    None.

Critical Paths under _main in COMRAM

    None.

Critical Paths under _main in BANK0

    None.

Critical Paths under _main in BANK1

    None.

Critical Paths under _main in BANK2

    None.

Critical Paths under _main in BANK3

    None.

Critical Paths under _main in BANK4

    None.

Critical Paths under _main in BANK5

    None.

Critical Paths under _main in BANK6

    None.

Critical Paths under _main in BANK7

    None.

Critical Paths under _main in BANK8

    None.

Critical Paths under _main in BANK9

    None.

Critical Paths under _main in BANK10

    None.

Critical Paths under _main in BANK11

    None.

Critical Paths under _main in BANK12

    None.

Call Graph Tables:

 ---------------------------------------------------------------------------------
 (Depth) Function   	        Calls       Base Space   Used Autos Params    Refs
 ---------------------------------------------------------------------------------
 (0) _main                                                 0     0      0       0
                        _CONVERT_A_D
 ---------------------------------------------------------------------------------
 (1) _CONVERT_A_D                                          0     0      0       0
 ---------------------------------------------------------------------------------
 Estimated maximum stack depth 1
 ---------------------------------------------------------------------------------

 Call Graph Graphs:

 _main (ROOT)
   _CONVERT_A_D

 Address spaces:
Name               Size   Autos  Total    Cost      Usage
BIGRAM             CFF      0       0      31        0.0%
EEDATA             400      0       0       0        0.0%
BITBANK12          100      0       0      29        0.0%
BANK12             100      0       0      30        0.0%
BITBANK11          100      0       0      27        0.0%
BANK11             100      0       0      28        0.0%
BITBANK10          100      0       0      25        0.0%
BANK10             100      0       0      26        0.0%
BITBANK9           100      0       0      23        0.0%
BANK9              100      0       0      24        0.0%
BITBANK8           100      0       0      21        0.0%
BANK8              100      0       0      22        0.0%
BITBANK7           100      0       0      18        0.0%
BANK7              100      0       0      19        0.0%
BITBANK6           100      0       0      16        0.0%
BANK6              100      0       0      17        0.0%
BITBANK5           100      0       0      14        0.0%
BANK5              100      0       0      15        0.0%
BITBANK4           100      0       0      12        0.0%
BANK4              100      0       0      13        0.0%
BITBANK3           100      0       0      10        0.0%
BANK3              100      0       0      11        0.0%
BITBANK2           100      0       0       8        0.0%
BANK2              100      0       0       9        0.0%
BITBANK1           100      0       0       6        0.0%
BANK1              100      0       0       7        0.0%
BITBANK0            A0      0       0       4        0.0%
BANK0               A0      0       0       5        0.0%
BITCOMRAM           5F      0       0       0        0.0%
COMRAM              5F      0       2       1        2.1%
BITSFR_3             0      0       0     200        0.0%
SFR_3                0      0       0     200        0.0%
BITSFR_2             0      0       0     200        0.0%
SFR_2                0      0       0     200        0.0%
BITSFR_1             0      0       0     200        0.0%
SFR_1                0      0       0     200        0.0%
BITSFR               0      0       0     200        0.0%
SFR                  0      0       0     200        0.0%
STACK                0      0       0       2        0.0%
NULL                 0      0       0       0        0.0%
ABS                  0      0       2      20        0.0%
DATA                 0      0       2       3        0.0%
CODE                 0      0       0       0        0.0%


Microchip Technology PIC18 Macro Assembler V2.10 build 88905656 
Symbol Table                                                                                   Tue Nov 19 14:16:55 2019

                     l20 BFC4                       l15 BFA8                       l16 BFAA  
                     l17 BFAC                       l19 BFBA                       l51 BFDE  
                     l43 BFCC                       l53 BFE6                       l45 BFD4  
                     l47 BFD8                       u10 BFBA                       u11 BFB6  
                    l740 BFDC                      l742 BFEE                      l744 BFF0  
                    l736 BFC6                      l746 BFF4                      l738 BFC8  
                    _LSB 0002                      _MSB 0001             __CFG_LVP$OFF 000000  
           __CFG_WDT$OFF 000000                     _main BFC6                     start 0000  
          __CFG_MCLRE$ON 000000             ___param_bank 000000                    ?_main 0000  
                  _PORTC 000F82                    _TRISC 000F94          __initialization BF9E  
           __end_of_main C000                   ??_main 0000            __activetblptr 000000  
   __size_of_CONVERT_A_D 001E                   _ADRESH 000FC4                   _ADRESL 000FC3  
             __accesstop 0060  __end_of__initialization BFA2          __CFG_PBADEN$OFF 000000  
          ___rparam_used 000001           __pcstackCOMRAM 0000                  __Hparam 0000  
                __Lparam 0000                  __pcinit BF9E                  __ramtop 0D00  
                __ptext0 BFC6                  __ptext1 BFA8     end_of_initialization BFA2  
          ??_CONVERT_A_D 0000                _TRISAbits 000F92      start_initialization BF9E  
    __end_of_CONVERT_A_D BFC6         __CFG_OSC$IRCIO67 000000              __pbssCOMRAM 0001  
            _CONVERT_A_D BFA8               _ADCON0bits 000FC2               _ADCON1bits 000FC1  
             _ADCON2bits 000FC0                 __Hrparam 0000                 __Lrparam 0000  
          __size_of_main 003A             ?_CONVERT_A_D 0000  
