

Microchip MPLAB XC8 Assembler V2.10 build 88905656 
                                                                                               Mon Nov 25 18:18:42 2019

Microchip MPLAB XC8 C Compiler v2.10 (Free license) build 20190730164152 Og1 
     1                           	processor	18F4585
     2                           	fnconf	rparam,??,?,0
     3                           	opt	pw 120
     4                           	opt	flic
     5                           	psect	cinit,global,reloc=2,class=CODE,delta=1
     6                           	psect	cstackCOMRAM,global,class=COMRAM,space=1,delta=1,noexec
     7                           	psect	text0,global,reloc=2,class=CODE,delta=1
     8                           	psect	intsave_regs,global,class=BIGRAM,space=1,delta=1,noexec
     9                           	psect	rparam,global,class=COMRAM,space=1,delta=1,noexec
    10  0000                     
    11                           ; Version 2.10
    12                           ; Generated 31/07/2019 GMT
    13                           ; 
    14                           ; Copyright © 2019, Microchip Technology Inc. and its subsidiaries ("Microchip")
    15                           ; All rights reserved.
    16                           ; 
    17                           ; This software is developed by Microchip Technology Inc. and its subsidiaries ("Microch
      +                          ip").
    18                           ; 
    19                           ; Redistribution and use in source and binary forms, with or without modification, are
    20                           ; permitted provided that the following conditions are met:
    21                           ; 
    22                           ;     1. Redistributions of source code must retain the above copyright notice, this lis
      +                          t of
    23                           ;        conditions and the following disclaimer.
    24                           ; 
    25                           ;     2. Redistributions in binary form must reproduce the above copyright notice, this 
      +                          list
    26                           ;        of conditions and the following disclaimer in the documentation and/or other
    27                           ;        materials provided with the distribution.
    28                           ; 
    29                           ;     3. Microchip's name may not be used to endorse or promote products derived from th
      +                          is
    30                           ;        software without specific prior written permission.
    31                           ; 
    32                           ; THIS SOFTWARE IS PROVIDED BY MICROCHIP "AS IS" AND ANY EXPRESS OR IMPLIED WARRANTIES,
    33                           ; INCLUDING, BUT NOT LIMITED TO, THE IMPLIED WARRANTIES OF MERCHANTABILITY AND FITNESS F
      +                          OR
    34                           ; PURPOSE ARE DISCLAIMED.  IN NO EVENT SHALL MICROCHIP BE LIABLE FOR ANY DIRECT, INDIREC
      +                          T,
    35                           ; INCIDENTAL, SPECIAL, EXEMPLARY, OR CONSEQUENTIAL DAMAGES (INCLUDING BUT NOT LIMITED TO
    36                           ; PROCUREMENT OF SUBSTITUTE GOODS OR SERVICES; LOSS OF USE, DATA OR PROFITS; OR BUSINESS
    37                           ; INTERRUPTION) HOWSOEVER CAUSED AND ON ANY THEORY OF LIABILITY, WHETHER IN CONTRACT, ST
      +                          RICT
    38                           ; LIABILITY, OR TORT (INCLUDING NEGLIGENCE OR OTHERWISE) ARISING IN ANY WAY OUT OF THE U
      +                          SE OF
    39                           ; THIS SOFTWARE, EVEN IF ADVISED OF THE POSSIBILITY OF SUCH DAMAGE.
    40                           ; 
    41                           ; 
    42                           ; Code-generator required, PIC18F4585 Definitions
    43                           ; 
    44                           ; SFR Addresses
    45  0000                     _T2CONbits	set	4042
    46  0000                     _TMR2	set	4044
    47  0000                     _CCP1CON	set	4029
    48  0000                     _T2CON	set	4042
    49  0000                     _TRISCbits	set	3988
    50  0000                     _CCPR1L	set	4030
    51  0000                     _PR2	set	4043
    52                           
    53                           ; #config settings
    54  0000                     
    55                           	psect	cinit
    56  00BFDA                     __pcinit:
    57                           	opt callstack 0
    58  00BFDA                     start_initialization:
    59                           	opt callstack 0
    60  00BFDA                     __initialization:
    61                           	opt callstack 0
    62  00BFDA                     end_of_initialization:
    63                           	opt callstack 0
    64  00BFDA                     __end_of__initialization:
    65                           	opt callstack 0
    66  00BFDA  0100               	movlb	0
    67  00BFDC  EFF0  F05F         	goto	_main	;jump to C main() function
    68                           
    69                           	psect	cstackCOMRAM
    70  000000                     __pcstackCOMRAM:
    71                           	opt callstack 0
    72  000000                     
    73                           ; 1 bytes @ 0x0
    74 ;;
    75 ;;Main: autosize = 0, tempsize = 0, incstack = 0, save=0
    76 ;;
    77 ;; *************** function _main *****************
    78 ;; Defined at:
    79 ;;		line 13 in file "Pwm_Uso.c"
    80 ;; Parameters:    Size  Location     Type
    81 ;;		None
    82 ;; Auto vars:     Size  Location     Type
    83 ;;		None
    84 ;; Return value:  Size  Location     Type
    85 ;;                  1    wreg      void 
    86 ;; Registers used:
    87 ;;		wreg, status,2
    88 ;; Tracked objects:
    89 ;;		On entry : 0/0
    90 ;;		On exit  : 0/0
    91 ;;		Unchanged: 0/0
    92 ;; Data sizes:     COMRAM   BANK0   BANK1   BANK2   BANK3   BANK4   BANK5   BANK6   BANK7   BANK8   BANK9  BANK10  BANK1
      +1  BANK12
    93 ;;      Params:         0       0       0       0       0       0       0       0       0       0       0       0       
      +0       0
    94 ;;      Locals:         0       0       0       0       0       0       0       0       0       0       0       0       
      +0       0
    95 ;;      Temps:          0       0       0       0       0       0       0       0       0       0       0       0       
      +0       0
    96 ;;      Totals:         0       0       0       0       0       0       0       0       0       0       0       0       
      +0       0
    97 ;;Total ram usage:        0 bytes
    98 ;; This function calls:
    99 ;;		Nothing
   100 ;; This function is called by:
   101 ;;		Startup code after reset
   102 ;; This function uses a non-reentrant model
   103 ;;
   104                           
   105                           	psect	text0
   106  00BFE0                     __ptext0:
   107                           	opt callstack 0
   108  00BFE0                     _main:
   109                           	opt callstack 31
   110  00BFE0  0EF9               	movlw	249
   111  00BFE2  6ECB               	movwf	203,c	;volatile
   112  00BFE4  0E7D               	movlw	125
   113  00BFE6  6EBE               	movwf	190,c	;volatile
   114  00BFE8  9494               	bcf	148,2,c	;volatile
   115  00BFEA  0E03               	movlw	3
   116  00BFEC  6ECA               	movwf	202,c	;volatile
   117  00BFEE  0E0C               	movlw	12
   118  00BFF0  6EBD               	movwf	189,c	;volatile
   119  00BFF2  0E00               	movlw	0
   120  00BFF4  6ECC               	movwf	204,c	;volatile
   121  00BFF6  84CA               	bsf	202,2,c	;volatile
   122  00BFF8                     l36:
   123  00BFF8  EFFC  F05F         	goto	l36
   124  00BFFC  EF00  F000         	goto	start
   125  00C000                     __end_of_main:
   126                           	opt callstack 0
   127  0000                     
   128                           	psect	rparam
   129  0000                     tosu	equ	0xFFF
   130                           tosh	equ	0xFFE
   131                           tosl	equ	0xFFD
   132                           stkptr	equ	0xFFC
   133                           pclatu	equ	0xFFB
   134                           pclath	equ	0xFFA
   135                           pcl	equ	0xFF9
   136                           tblptru	equ	0xFF8
   137                           tblptrh	equ	0xFF7
   138                           tblptrl	equ	0xFF6
   139                           tablat	equ	0xFF5
   140                           prodh	equ	0xFF4
   141                           prodl	equ	0xFF3
   142                           indf0	equ	0xFEF
   143                           postinc0	equ	0xFEE
   144                           postdec0	equ	0xFED
   145                           preinc0	equ	0xFEC
   146                           plusw0	equ	0xFEB
   147                           fsr0h	equ	0xFEA
   148                           fsr0l	equ	0xFE9
   149                           wreg	equ	0xFE8
   150                           indf1	equ	0xFE7
   151                           postinc1	equ	0xFE6
   152                           postdec1	equ	0xFE5
   153                           preinc1	equ	0xFE4
   154                           plusw1	equ	0xFE3
   155                           fsr1h	equ	0xFE2
   156                           fsr1l	equ	0xFE1
   157                           bsr	equ	0xFE0
   158                           indf2	equ	0xFDF
   159                           postinc2	equ	0xFDE
   160                           postdec2	equ	0xFDD
   161                           preinc2	equ	0xFDC
   162                           plusw2	equ	0xFDB
   163                           fsr2h	equ	0xFDA
   164                           fsr2l	equ	0xFD9
   165                           status	equ	0xFD8


Data Sizes:
    Strings     0
    Constant    0
    Data        0
    BSS         0
    Persistent  0
    Stack       0

Auto Spaces:
    Space          Size  Autos    Used
    COMRAM           95      0       0
    BANK0           160      0       0
    BANK1           256      0       0
    BANK2           256      0       0
    BANK3           256      0       0
    BANK4           256      0       0
    BANK5           256      0       0
    BANK6           256      0       0
    BANK7           256      0       0
    BANK8           256      0       0
    BANK9           256      0       0
    BANK10          256      0       0
    BANK11          256      0       0
    BANK12          256      0       0

Pointer List with Targets:

    None.

Critical Paths under _main in COMRAM

    None.

Critical Paths under _main in BANK0

    None.

Critical Paths under _main in BANK1

    None.

Critical Paths under _main in BANK2

    None.

Critical Paths under _main in BANK3

    None.

Critical Paths under _main in BANK4

    None.

Critical Paths under _main in BANK5

    None.

Critical Paths under _main in BANK6

    None.

Critical Paths under _main in BANK7

    None.

Critical Paths under _main in BANK8

    None.

Critical Paths under _main in BANK9

    None.

Critical Paths under _main in BANK10

    None.

Critical Paths under _main in BANK11

    None.

Critical Paths under _main in BANK12

    None.

Call Graph Tables:

 ---------------------------------------------------------------------------------
 (Depth) Function   	        Calls       Base Space   Used Autos Params    Refs
 ---------------------------------------------------------------------------------
 (0) _main                                                 0     0      0       0
 ---------------------------------------------------------------------------------
 Estimated maximum stack depth 0
 ---------------------------------------------------------------------------------

 Call Graph Graphs:

 _main (ROOT)

 Address spaces:
Name               Size   Autos  Total    Cost      Usage
BITCOMRAM           5F      0       0       0        0.0%
EEDATA             400      0       0       0        0.0%
NULL                 0      0       0       0        0.0%
CODE                 0      0       0       0        0.0%
COMRAM              5F      0       0       1        0.0%
STACK                0      0       0       2        0.0%
DATA                 0      0       0       3        0.0%
BITBANK0            A0      0       0       4        0.0%
BANK0               A0      0       0       5        0.0%
BITBANK1           100      0       0       6        0.0%
BANK1              100      0       0       7        0.0%
BITBANK2           100      0       0       8        0.0%
BANK2              100      0       0       9        0.0%
BITBANK3           100      0       0      10        0.0%
BANK3              100      0       0      11        0.0%
BITBANK4           100      0       0      12        0.0%
BANK4              100      0       0      13        0.0%
BITBANK5           100      0       0      14        0.0%
BANK5              100      0       0      15        0.0%
BITBANK6           100      0       0      16        0.0%
BANK6              100      0       0      17        0.0%
BITBANK7           100      0       0      18        0.0%
BANK7              100      0       0      19        0.0%
ABS                  0      0       0      20        0.0%
BITBANK8           100      0       0      21        0.0%
BANK8              100      0       0      22        0.0%
BITBANK9           100      0       0      23        0.0%
BANK9              100      0       0      24        0.0%
BITBANK10          100      0       0      25        0.0%
BANK10             100      0       0      26        0.0%
BITBANK11          100      0       0      27        0.0%
BANK11             100      0       0      28        0.0%
BITBANK12          100      0       0      29        0.0%
BANK12             100      0       0      30        0.0%
BIGRAM             CFF      0       0      31        0.0%
BITSFR_3             0      0       0     200        0.0%
SFR_3                0      0       0     200        0.0%
BITSFR_2             0      0       0     200        0.0%
SFR_2                0      0       0     200        0.0%
BITSFR_1             0      0       0     200        0.0%
SFR_1                0      0       0     200        0.0%
BITSFR               0      0       0     200        0.0%
SFR                  0      0       0     200        0.0%


Microchip Technology PIC18 Macro Assembler V2.10 build 88905656 
Symbol Table                                                                                   Mon Nov 25 18:18:42 2019

                     l36 BFF8                       l37 BFF8                      l721 BFE0  
                    l723 BFE8                      l725 BFF6                      _PR2 000FCB  
           __CFG_LVP$OFF 000000             __CFG_WDT$OFF 000000                     _TMR2 000FCC  
                   _main BFE0                     start 0000            __CFG_MCLRE$ON 000000  
           ___param_bank 000000                    ?_main 0000                    _T2CON 000FCA  
        __initialization BFDA             __end_of_main C000                   ??_main 0000  
          __activetblptr 000000                   _CCPR1L 000FBE               __accesstop 0060  
__end_of__initialization BFDA          __CFG_PBADEN$OFF 000000            ___rparam_used 000001  
         __pcstackCOMRAM 0000                  _CCP1CON 000FBD                  __Hparam 0000  
                __Lparam 0000                  __pcinit BFDA                  __ramtop 0D00  
                __ptext0 BFE0                _T2CONbits 000FCA     end_of_initialization BFDA  
              _TRISCbits 000F94      start_initialization BFDA         __CFG_OSC$IRCIO67 000000  
               __Hrparam 0000                 __Lrparam 0000            __size_of_main 0020  
