

Microchip MPLAB XC8 Assembler V2.10 build 88905656 
                                                                                               Thu Nov 28 11:25:05 2019

Microchip MPLAB XC8 C Compiler v2.10 (Free license) build 20190730164152 Og1 
     1                           	processor	18F4585
     2                           	fnconf	rparam,??,?,0
     3                           	opt	pw 120
     4                           	opt	flic
     5                           	psect	smallconst,global,reloc=2,class=SMALLCONST,delta=1,noexec
     6                           	psect	cinit,global,reloc=2,class=CODE,delta=1
     7                           	psect	bssCOMRAM,global,class=COMRAM,space=1,delta=1,noexec
     8                           	psect	cstackCOMRAM,global,class=COMRAM,space=1,delta=1,noexec
     9                           	psect	text0,global,reloc=2,class=CODE,delta=1
    10                           	psect	text1,global,reloc=2,class=CODE,delta=1
    11                           	psect	text2,global,reloc=2,class=CODE,delta=1
    12                           	psect	text3,global,reloc=2,class=CODE,delta=1
    13                           	psect	text4,global,reloc=2,class=CODE,delta=1
    14                           	psect	text5,global,reloc=2,class=CODE,delta=1
    15                           	psect	text6,global,reloc=2,class=CODE,delta=1
    16                           	psect	text7,global,reloc=2,class=CODE,delta=1
    17                           	psect	intsave_regs,global,class=BIGRAM,space=1,delta=1,noexec
    18                           	psect	rparam,global,class=COMRAM,space=1,delta=1,noexec
    19  0000                     
    20                           ; Version 2.10
    21                           ; Generated 31/07/2019 GMT
    22                           ; 
    23                           ; Copyright © 2019, Microchip Technology Inc. and its subsidiaries ("Microchip")
    24                           ; All rights reserved.
    25                           ; 
    26                           ; This software is developed by Microchip Technology Inc. and its subsidiaries ("Microch
      +                          ip").
    27                           ; 
    28                           ; Redistribution and use in source and binary forms, with or without modification, are
    29                           ; permitted provided that the following conditions are met:
    30                           ; 
    31                           ;     1. Redistributions of source code must retain the above copyright notice, this lis
      +                          t of
    32                           ;        conditions and the following disclaimer.
    33                           ; 
    34                           ;     2. Redistributions in binary form must reproduce the above copyright notice, this 
      +                          list
    35                           ;        of conditions and the following disclaimer in the documentation and/or other
    36                           ;        materials provided with the distribution.
    37                           ; 
    38                           ;     3. Microchip's name may not be used to endorse or promote products derived from th
      +                          is
    39                           ;        software without specific prior written permission.
    40                           ; 
    41                           ; THIS SOFTWARE IS PROVIDED BY MICROCHIP "AS IS" AND ANY EXPRESS OR IMPLIED WARRANTIES,
    42                           ; INCLUDING, BUT NOT LIMITED TO, THE IMPLIED WARRANTIES OF MERCHANTABILITY AND FITNESS F
      +                          OR
    43                           ; PURPOSE ARE DISCLAIMED.  IN NO EVENT SHALL MICROCHIP BE LIABLE FOR ANY DIRECT, INDIREC
      +                          T,
    44                           ; INCIDENTAL, SPECIAL, EXEMPLARY, OR CONSEQUENTIAL DAMAGES (INCLUDING BUT NOT LIMITED TO
    45                           ; PROCUREMENT OF SUBSTITUTE GOODS OR SERVICES; LOSS OF USE, DATA OR PROFITS; OR BUSINESS
    46                           ; INTERRUPTION) HOWSOEVER CAUSED AND ON ANY THEORY OF LIABILITY, WHETHER IN CONTRACT, ST
      +                          RICT
    47                           ; LIABILITY, OR TORT (INCLUDING NEGLIGENCE OR OTHERWISE) ARISING IN ANY WAY OUT OF THE U
      +                          SE OF
    48                           ; THIS SOFTWARE, EVEN IF ADVISED OF THE POSSIBILITY OF SUCH DAMAGE.
    49                           ; 
    50                           ; 
    51                           ; Code-generator required, PIC18F4585 Definitions
    52                           ; 
    53                           ; SFR Addresses
    54  0000                     _ADCON1	set	4033
    55  0000                     _CVRCONbits	set	4021
    56  0000                     _CMCON	set	4020
    57  0000                     _OSCCON	set	4051
    58  0000                     _RCREG	set	4014
    59  0000                     _PIR1bits	set	3998
    60  0000                     _TXREG	set	4013
    61  0000                     _TXSTAbits	set	4012
    62  0000                     _SPBRG	set	4015
    63  0000                     _RCSTA	set	4011
    64  0000                     _TXSTA	set	4012
    65  0000                     _TRISCbits	set	3988
    66                           
    67                           	psect	smallconst
    68  000D00                     __psmallconst:
    69                           	opt callstack 0
    70  000D00  00                 	db	0
    71  000D01                     STR_2:
    72  000D01  63                 	db	99	;'c'
    73  000D02  6F                 	db	111	;'o'
    74  000D03  6F                 	db	111	;'o'
    75  000D04  72                 	db	114	;'r'
    76  000D05  64                 	db	100	;'d'
    77  000D06  65                 	db	101	;'e'
    78  000D07  6E                 	db	110	;'n'
    79  000D08  61                 	db	97	;'a'
    80  000D09  64                 	db	100	;'d'
    81  000D0A  61                 	db	97	;'a'
    82  000D0B  73                 	db	115	;'s'
    83  000D0C  20                 	db	32
    84  000D0D  66                 	db	102	;'f'
    85  000D0E  75                 	db	117	;'u'
    86  000D0F  65                 	db	101	;'e'
    87  000D10  72                 	db	114	;'r'
    88  000D11  61                 	db	97	;'a'
    89  000D12  20                 	db	32
    90  000D13  64                 	db	100	;'d'
    91  000D14  65                 	db	101	;'e'
    92  000D15  6C                 	db	108	;'l'
    93  000D16  20                 	db	32
    94  000D17  6C                 	db	108	;'l'
    95  000D18  69                 	db	105	;'i'
    96  000D19  6D                 	db	109	;'m'
    97  000D1A  69                 	db	105	;'i'
    98  000D1B  74                 	db	116	;'t'
    99  000D1C  65                 	db	101	;'e'
   100  000D1D  00                 	db	0
   101  000D1E                     STR_1:
   102  000D1E  43                 	db	67	;'C'
   103  000D1F  6F                 	db	111	;'o'
   104  000D20  6D                 	db	109	;'m'
   105  000D21  61                 	db	97	;'a'
   106  000D22  6E                 	db	110	;'n'
   107  000D23  64                 	db	100	;'d'
   108  000D24  6F                 	db	111	;'o'
   109  000D25  20                 	db	32
   110  000D26  6E                 	db	110	;'n'
   111  000D27  6F                 	db	111	;'o'
   112  000D28  20                 	db	32
   113  000D29  72                 	db	114	;'r'
   114  000D2A  65                 	db	101	;'e'
   115  000D2B  63                 	db	99	;'c'
   116  000D2C  6F                 	db	111	;'o'
   117  000D2D  6E                 	db	110	;'n'
   118  000D2E  6F                 	db	111	;'o'
   119  000D2F  63                 	db	99	;'c'
   120  000D30  69                 	db	105	;'i'
   121  000D31  64                 	db	100	;'d'
   122  000D32  6F                 	db	111	;'o'
   123  000D33  00                 	db	0
   124  000D34                     STR_3:
   125  000D34  50                 	db	80	;'P'
   126  000D35  72                 	db	114	;'r'
   127  000D36  6F                 	db	111	;'o'
   128  000D37  63                 	db	99	;'c'
   129  000D38  65                 	db	101	;'e'
   130  000D39  73                 	db	115	;'s'
   131  000D3A  6F                 	db	111	;'o'
   132  000D3B  20                 	db	32
   133  000D3C  63                 	db	99	;'c'
   134  000D3D  6F                 	db	111	;'o'
   135  000D3E  6D                 	db	109	;'m'
   136  000D3F  70                 	db	112	;'p'
   137  000D40  6C                 	db	108	;'l'
   138  000D41  65                 	db	101	;'e'
   139  000D42  74                 	db	116	;'t'
   140  000D43  61                 	db	97	;'a'
   141  000D44  64                 	db	100	;'d'
   142  000D45  6F                 	db	111	;'o'
   143  000D46  00                 	db	0
   144  000D47                     STR_4:
   145  000D47  45                 	db	69	;'E'
   146  000D48  6E                 	db	110	;'n'
   147  000D49  20                 	db	32
   148  000D4A  70                 	db	112	;'p'
   149  000D4B  72                 	db	114	;'r'
   150  000D4C  6F                 	db	111	;'o'
   151  000D4D  63                 	db	99	;'c'
   152  000D4E  65                 	db	101	;'e'
   153  000D4F  73                 	db	115	;'s'
   154  000D50  6F                 	db	111	;'o'
   155  000D51  00                 	db	0
   156                           
   157                           ; #config settings
   158  000D52  00                 	db	0	; dummy byte at the end
   159  0000                     
   160                           	psect	cinit
   161  000EE8                     __pcinit:
   162                           	opt callstack 0
   163  000EE8                     start_initialization:
   164                           	opt callstack 0
   165  000EE8                     __initialization:
   166                           	opt callstack 0
   167                           
   168                           ; Clear objects allocated to COMRAM (1 bytes)
   169  000EE8  6A09               	clrf	__pbssCOMRAM& (0+255),c
   170  000EEA                     end_of_initialization:
   171                           	opt callstack 0
   172  000EEA                     __end_of__initialization:
   173                           	opt callstack 0
   174  000EEA  0E00               	movlw	low (__Lsmallconst shr (0+16))
   175  000EEC  6EF8               	movwf	tblptru,c
   176  000EEE  0E0D               	movlw	high __Lsmallconst
   177  000EF0  6EF7               	movwf	tblptrh,c
   178  000EF2  0100               	movlb	0
   179  000EF4  EFEC  F006         	goto	_main	;jump to C main() function
   180                           
   181                           	psect	bssCOMRAM
   182  000009                     __pbssCOMRAM:
   183                           	opt callstack 0
   184  000009                     _RX_Data:
   185                           	opt callstack 0
   186  000009                     	ds	1
   187                           
   188                           	psect	cstackCOMRAM
   189  000001                     __pcstackCOMRAM:
   190                           	opt callstack 0
   191  000001                     SEND_UART@TX_Data:
   192                           	opt callstack 0
   193                           
   194                           ; 1 bytes @ 0x0
   195  000001                     	ds	1
   196  000002                     SEND_STRING@PointString:
   197                           	opt callstack 0
   198                           
   199                           ; 2 bytes @ 0x1
   200  000002                     	ds	2
   201  000004                     ??_SEND_STRING:
   202                           
   203                           ; 1 bytes @ 0x3
   204  000004                     	ds	2
   205  000006                     SEND_STRING@i:
   206                           	opt callstack 0
   207                           
   208                           ; 1 bytes @ 0x5
   209  000006                     	ds	1
   210  000007                     ??_main:
   211                           
   212                           ; 1 bytes @ 0x6
   213  000007                     	ds	2
   214                           
   215 ;;
   216 ;;Main: autosize = 0, tempsize = 2, incstack = 0, save=0
   217 ;;
   218 ;; *************** function _main *****************
   219 ;; Defined at:
   220 ;;		line 17 in file "Mensajes_Uso.c"
   221 ;; Parameters:    Size  Location     Type
   222 ;;		None
   223 ;; Auto vars:     Size  Location     Type
   224 ;;		None
   225 ;; Return value:  Size  Location     Type
   226 ;;                  1    wreg      void 
   227 ;; Registers used:
   228 ;;		wreg, status,2, status,0, tblptrl, tblptrh, tblptru, cstack
   229 ;; Tracked objects:
   230 ;;		On entry : 0/0
   231 ;;		On exit  : 0/0
   232 ;;		Unchanged: 0/0
   233 ;; Data sizes:     COMRAM   BANK0   BANK1   BANK2   BANK3   BANK4   BANK5   BANK6   BANK7   BANK8   BANK9  BANK10  BANK1
      +1  BANK12
   234 ;;      Params:         0       0       0       0       0       0       0       0       0       0       0       0       
      +0       0
   235 ;;      Locals:         0       0       0       0       0       0       0       0       0       0       0       0       
      +0       0
   236 ;;      Temps:          2       0       0       0       0       0       0       0       0       0       0       0       
      +0       0
   237 ;;      Totals:         2       0       0       0       0       0       0       0       0       0       0       0       
      +0       0
   238 ;;Total ram usage:        2 bytes
   239 ;; Hardware stack levels required when called:    3
   240 ;; This function calls:
   241 ;;		_ERROR_FUERA_LIMITE
   242 ;;		_ERROR_NO_COMANDO
   243 ;;		_INIT_UART
   244 ;;		_PROCESO
   245 ;;		_TERMINADO
   246 ;; This function is called by:
   247 ;;		Startup code after reset
   248 ;; This function uses a non-reentrant model
   249 ;;
   250                           
   251                           	psect	text0
   252  000DD8                     __ptext0:
   253                           	opt callstack 0
   254  000DD8                     _main:
   255                           	opt callstack 28
   256  000DD8                     
   257                           ;Mensajes_Uso.c: 19:     return;
   258  000DD8  0E60               	movlw	96
   259  000DDA  6ED3               	movwf	211,c	;volatile
   260  000DDC  68B4               	setf	180,c	;volatile
   261  000DDE  9EB5               	bcf	181,7,c	;volatile
   262  000DE0  0E0F               	movlw	15
   263  000DE2  6EC1               	movwf	193,c	;volatile
   264  000DE4  EC6B  F007         	call	_INIT_UART	;wreg free
   265  000DE8                     l913:
   266  000DE8  EC46  F007         	call	_ERROR_NO_COMANDO	;wreg free
   267  000DEC  0E06               	movlw	6
   268  000DEE  6E08               	movwf	(??_main+1)^0,c
   269  000DF0  0E13               	movlw	19
   270  000DF2  6E07               	movwf	??_main^0,c
   271  000DF4  0EAE               	movlw	174
   272  000DF6                     u107:
   273  000DF6  2EE8               	decfsz	wreg,f,c
   274  000DF8  D7FE               	bra	u107
   275  000DFA  2E07               	decfsz	??_main^0,f,c
   276  000DFC  D7FC               	bra	u107
   277  000DFE  2E08               	decfsz	(??_main+1)^0,f,c
   278  000E00  D7FA               	bra	u107
   279  000E02  EC53  F007         	call	_ERROR_FUERA_LIMITE	;wreg free
   280  000E06  0E06               	movlw	6
   281  000E08  6E08               	movwf	(??_main+1)^0,c
   282  000E0A  0E13               	movlw	19
   283  000E0C  6E07               	movwf	??_main^0,c
   284  000E0E  0EAE               	movlw	174
   285  000E10                     u117:
   286  000E10  2EE8               	decfsz	wreg,f,c
   287  000E12  D7FE               	bra	u117
   288  000E14  2E07               	decfsz	??_main^0,f,c
   289  000E16  D7FC               	bra	u117
   290  000E18  2E08               	decfsz	(??_main+1)^0,f,c
   291  000E1A  D7FA               	bra	u117
   292  000E1C  EC2C  F007         	call	_TERMINADO	;wreg free
   293  000E20  0E06               	movlw	6
   294  000E22  6E08               	movwf	(??_main+1)^0,c
   295  000E24  0E13               	movlw	19
   296  000E26  6E07               	movwf	??_main^0,c
   297  000E28  0EAE               	movlw	174
   298  000E2A                     u127:
   299  000E2A  2EE8               	decfsz	wreg,f,c
   300  000E2C  D7FE               	bra	u127
   301  000E2E  2E07               	decfsz	??_main^0,f,c
   302  000E30  D7FC               	bra	u127
   303  000E32  2E08               	decfsz	(??_main+1)^0,f,c
   304  000E34  D7FA               	bra	u127
   305  000E36  EC39  F007         	call	_PROCESO	;wreg free
   306  000E3A  0E06               	movlw	6
   307  000E3C  6E08               	movwf	(??_main+1)^0,c
   308  000E3E  0E13               	movlw	19
   309  000E40  6E07               	movwf	??_main^0,c
   310  000E42  0EAE               	movlw	174
   311  000E44                     u137:
   312  000E44  2EE8               	decfsz	wreg,f,c
   313  000E46  D7FE               	bra	u137
   314  000E48  2E07               	decfsz	??_main^0,f,c
   315  000E4A  D7FC               	bra	u137
   316  000E4C  2E08               	decfsz	(??_main+1)^0,f,c
   317  000E4E  D7FA               	bra	u137
   318  000E50  EFF4  F006         	goto	l913
   319  000E54  EF00  F000         	goto	start
   320  000E58                     __end_of_main:
   321                           	opt callstack 0
   322                           
   323 ;; *************** function _TERMINADO *****************
   324 ;; Defined at:
   325 ;;		line 18 in file "MENSAJES.c"
   326 ;; Parameters:    Size  Location     Type
   327 ;;		None
   328 ;; Auto vars:     Size  Location     Type
   329 ;;		None
   330 ;; Return value:  Size  Location     Type
   331 ;;                  1    wreg      void 
   332 ;; Registers used:
   333 ;;		wreg, status,2, status,0, tblptrl, tblptrh, tblptru, cstack
   334 ;; Tracked objects:
   335 ;;		On entry : 0/0
   336 ;;		On exit  : 0/0
   337 ;;		Unchanged: 0/0
   338 ;; Data sizes:     COMRAM   BANK0   BANK1   BANK2   BANK3   BANK4   BANK5   BANK6   BANK7   BANK8   BANK9  BANK10  BANK1
      +1  BANK12
   339 ;;      Params:         0       0       0       0       0       0       0       0       0       0       0       0       
      +0       0
   340 ;;      Locals:         0       0       0       0       0       0       0       0       0       0       0       0       
      +0       0
   341 ;;      Temps:          0       0       0       0       0       0       0       0       0       0       0       0       
      +0       0
   342 ;;      Totals:         0       0       0       0       0       0       0       0       0       0       0       0       
      +0       0
   343 ;;Total ram usage:        0 bytes
   344 ;; Hardware stack levels used:    1
   345 ;; Hardware stack levels required when called:    2
   346 ;; This function calls:
   347 ;;		_SEND_STRING
   348 ;;		_SEND_UART
   349 ;; This function is called by:
   350 ;;		_main
   351 ;; This function uses a non-reentrant model
   352 ;;
   353                           
   354                           	psect	text1
   355  000E58                     __ptext1:
   356                           	opt callstack 0
   357  000E58                     _TERMINADO:
   358                           	opt callstack 28
   359  000E58                     
   360                           ;MENSAJES.c: 19:     SEND_UART(10);
   361  000E58  0E0A               	movlw	10
   362  000E5A  EC60  F007         	call	_SEND_UART
   363  000E5E                     
   364                           ;MENSAJES.c: 20:     SEND_STRING("Proceso completado");
   365  000E5E  0E34               	movlw	low STR_3
   366  000E60  6E02               	movwf	SEND_STRING@PointString^0,c
   367  000E62  0E0D               	movlw	high STR_3
   368  000E64  6E03               	movwf	(SEND_STRING@PointString+1)^0,c
   369  000E66  ECAA  F006         	call	_SEND_STRING	;wreg free
   370  000E6A                     
   371                           ;MENSAJES.c: 21:     SEND_UART(10);
   372  000E6A  0E0A               	movlw	10
   373  000E6C  EC60  F007         	call	_SEND_UART
   374  000E70  0012               	return		;funcret
   375  000E72                     __end_of_TERMINADO:
   376                           	opt callstack 0
   377                           
   378 ;; *************** function _PROCESO *****************
   379 ;; Defined at:
   380 ;;		line 24 in file "MENSAJES.c"
   381 ;; Parameters:    Size  Location     Type
   382 ;;		None
   383 ;; Auto vars:     Size  Location     Type
   384 ;;		None
   385 ;; Return value:  Size  Location     Type
   386 ;;                  1    wreg      void 
   387 ;; Registers used:
   388 ;;		wreg, status,2, status,0, tblptrl, tblptrh, tblptru, cstack
   389 ;; Tracked objects:
   390 ;;		On entry : 0/0
   391 ;;		On exit  : 0/0
   392 ;;		Unchanged: 0/0
   393 ;; Data sizes:     COMRAM   BANK0   BANK1   BANK2   BANK3   BANK4   BANK5   BANK6   BANK7   BANK8   BANK9  BANK10  BANK1
      +1  BANK12
   394 ;;      Params:         0       0       0       0       0       0       0       0       0       0       0       0       
      +0       0
   395 ;;      Locals:         0       0       0       0       0       0       0       0       0       0       0       0       
      +0       0
   396 ;;      Temps:          0       0       0       0       0       0       0       0       0       0       0       0       
      +0       0
   397 ;;      Totals:         0       0       0       0       0       0       0       0       0       0       0       0       
      +0       0
   398 ;;Total ram usage:        0 bytes
   399 ;; Hardware stack levels used:    1
   400 ;; Hardware stack levels required when called:    2
   401 ;; This function calls:
   402 ;;		_SEND_STRING
   403 ;;		_SEND_UART
   404 ;; This function is called by:
   405 ;;		_main
   406 ;; This function uses a non-reentrant model
   407 ;;
   408                           
   409                           	psect	text2
   410  000E72                     __ptext2:
   411                           	opt callstack 0
   412  000E72                     _PROCESO:
   413                           	opt callstack 28
   414  000E72                     
   415                           ;MENSAJES.c: 25:     SEND_UART(10);
   416  000E72  0E0A               	movlw	10
   417  000E74  EC60  F007         	call	_SEND_UART
   418  000E78                     
   419                           ;MENSAJES.c: 26:     SEND_STRING("En proceso");
   420  000E78  0E47               	movlw	low STR_4
   421  000E7A  6E02               	movwf	SEND_STRING@PointString^0,c
   422  000E7C  0E0D               	movlw	high STR_4
   423  000E7E  6E03               	movwf	(SEND_STRING@PointString+1)^0,c
   424  000E80  ECAA  F006         	call	_SEND_STRING	;wreg free
   425  000E84                     
   426                           ;MENSAJES.c: 27:     SEND_UART(10);
   427  000E84  0E0A               	movlw	10
   428  000E86  EC60  F007         	call	_SEND_UART
   429  000E8A  0012               	return		;funcret
   430  000E8C                     __end_of_PROCESO:
   431                           	opt callstack 0
   432                           
   433 ;; *************** function _INIT_UART *****************
   434 ;; Defined at:
   435 ;;		line 4 in file "UART.c"
   436 ;; Parameters:    Size  Location     Type
   437 ;;		None
   438 ;; Auto vars:     Size  Location     Type
   439 ;;		None
   440 ;; Return value:  Size  Location     Type
   441 ;;                  1    wreg      void 
   442 ;; Registers used:
   443 ;;		wreg, status,2
   444 ;; Tracked objects:
   445 ;;		On entry : 0/0
   446 ;;		On exit  : 0/0
   447 ;;		Unchanged: 0/0
   448 ;; Data sizes:     COMRAM   BANK0   BANK1   BANK2   BANK3   BANK4   BANK5   BANK6   BANK7   BANK8   BANK9  BANK10  BANK1
      +1  BANK12
   449 ;;      Params:         0       0       0       0       0       0       0       0       0       0       0       0       
      +0       0
   450 ;;      Locals:         0       0       0       0       0       0       0       0       0       0       0       0       
      +0       0
   451 ;;      Temps:          0       0       0       0       0       0       0       0       0       0       0       0       
      +0       0
   452 ;;      Totals:         0       0       0       0       0       0       0       0       0       0       0       0       
      +0       0
   453 ;;Total ram usage:        0 bytes
   454 ;; Hardware stack levels used:    1
   455 ;; This function calls:
   456 ;;		Nothing
   457 ;; This function is called by:
   458 ;;		_main
   459 ;; This function uses a non-reentrant model
   460 ;;
   461                           
   462                           	psect	text3
   463  000ED6                     __ptext3:
   464                           	opt callstack 0
   465  000ED6                     _INIT_UART:
   466                           	opt callstack 30
   467  000ED6                     
   468                           ;UART.c: 8:     TRISCbits.TRISC7 = 1;
   469  000ED6  8E94               	bsf	148,7,c	;volatile
   470                           
   471                           ;UART.c: 9:     TRISCbits.TRISC6 = 0;
   472  000ED8  9C94               	bcf	148,6,c	;volatile
   473  000EDA                     
   474                           ;UART.c: 10:     TXSTA = 0b00100110;
   475  000EDA  0E26               	movlw	38
   476  000EDC  6EAC               	movwf	172,c	;volatile
   477                           
   478                           ;UART.c: 11:     RCSTA = 0b10010000;
   479  000EDE  0E90               	movlw	144
   480  000EE0  6EAB               	movwf	171,c	;volatile
   481                           
   482                           ;UART.c: 13:     SPBRG = 25;
   483  000EE2  0E19               	movlw	25
   484  000EE4  6EAF               	movwf	175,c	;volatile
   485  000EE6  0012               	return		;funcret
   486  000EE8                     __end_of_INIT_UART:
   487                           	opt callstack 0
   488                           
   489 ;; *************** function _ERROR_NO_COMANDO *****************
   490 ;; Defined at:
   491 ;;		line 6 in file "MENSAJES.c"
   492 ;; Parameters:    Size  Location     Type
   493 ;;		None
   494 ;; Auto vars:     Size  Location     Type
   495 ;;		None
   496 ;; Return value:  Size  Location     Type
   497 ;;                  1    wreg      void 
   498 ;; Registers used:
   499 ;;		wreg, status,2, status,0, tblptrl, tblptrh, tblptru, cstack
   500 ;; Tracked objects:
   501 ;;		On entry : 0/0
   502 ;;		On exit  : 0/0
   503 ;;		Unchanged: 0/0
   504 ;; Data sizes:     COMRAM   BANK0   BANK1   BANK2   BANK3   BANK4   BANK5   BANK6   BANK7   BANK8   BANK9  BANK10  BANK1
      +1  BANK12
   505 ;;      Params:         0       0       0       0       0       0       0       0       0       0       0       0       
      +0       0
   506 ;;      Locals:         0       0       0       0       0       0       0       0       0       0       0       0       
      +0       0
   507 ;;      Temps:          0       0       0       0       0       0       0       0       0       0       0       0       
      +0       0
   508 ;;      Totals:         0       0       0       0       0       0       0       0       0       0       0       0       
      +0       0
   509 ;;Total ram usage:        0 bytes
   510 ;; Hardware stack levels used:    1
   511 ;; Hardware stack levels required when called:    2
   512 ;; This function calls:
   513 ;;		_SEND_STRING
   514 ;;		_SEND_UART
   515 ;; This function is called by:
   516 ;;		_main
   517 ;; This function uses a non-reentrant model
   518 ;;
   519                           
   520                           	psect	text4
   521  000E8C                     __ptext4:
   522                           	opt callstack 0
   523  000E8C                     _ERROR_NO_COMANDO:
   524                           	opt callstack 28
   525  000E8C                     
   526                           ;MENSAJES.c: 7:     SEND_UART(10);
   527  000E8C  0E0A               	movlw	10
   528  000E8E  EC60  F007         	call	_SEND_UART
   529  000E92                     
   530                           ;MENSAJES.c: 8:     SEND_STRING("Comando no reconocido");
   531  000E92  0E1E               	movlw	low STR_1
   532  000E94  6E02               	movwf	SEND_STRING@PointString^0,c
   533  000E96  0E0D               	movlw	high STR_1
   534  000E98  6E03               	movwf	(SEND_STRING@PointString+1)^0,c
   535  000E9A  ECAA  F006         	call	_SEND_STRING	;wreg free
   536  000E9E                     
   537                           ;MENSAJES.c: 9:     SEND_UART(10);
   538  000E9E  0E0A               	movlw	10
   539  000EA0  EC60  F007         	call	_SEND_UART
   540  000EA4  0012               	return		;funcret
   541  000EA6                     __end_of_ERROR_NO_COMANDO:
   542                           	opt callstack 0
   543                           
   544 ;; *************** function _ERROR_FUERA_LIMITE *****************
   545 ;; Defined at:
   546 ;;		line 12 in file "MENSAJES.c"
   547 ;; Parameters:    Size  Location     Type
   548 ;;		None
   549 ;; Auto vars:     Size  Location     Type
   550 ;;		None
   551 ;; Return value:  Size  Location     Type
   552 ;;                  1    wreg      void 
   553 ;; Registers used:
   554 ;;		wreg, status,2, status,0, tblptrl, tblptrh, tblptru, cstack
   555 ;; Tracked objects:
   556 ;;		On entry : 0/0
   557 ;;		On exit  : 0/0
   558 ;;		Unchanged: 0/0
   559 ;; Data sizes:     COMRAM   BANK0   BANK1   BANK2   BANK3   BANK4   BANK5   BANK6   BANK7   BANK8   BANK9  BANK10  BANK1
      +1  BANK12
   560 ;;      Params:         0       0       0       0       0       0       0       0       0       0       0       0       
      +0       0
   561 ;;      Locals:         0       0       0       0       0       0       0       0       0       0       0       0       
      +0       0
   562 ;;      Temps:          0       0       0       0       0       0       0       0       0       0       0       0       
      +0       0
   563 ;;      Totals:         0       0       0       0       0       0       0       0       0       0       0       0       
      +0       0
   564 ;;Total ram usage:        0 bytes
   565 ;; Hardware stack levels used:    1
   566 ;; Hardware stack levels required when called:    2
   567 ;; This function calls:
   568 ;;		_SEND_STRING
   569 ;;		_SEND_UART
   570 ;; This function is called by:
   571 ;;		_main
   572 ;; This function uses a non-reentrant model
   573 ;;
   574                           
   575                           	psect	text5
   576  000EA6                     __ptext5:
   577                           	opt callstack 0
   578  000EA6                     _ERROR_FUERA_LIMITE:
   579                           	opt callstack 28
   580  000EA6                     
   581                           ;MENSAJES.c: 13:     SEND_UART(10);
   582  000EA6  0E0A               	movlw	10
   583  000EA8  EC60  F007         	call	_SEND_UART
   584  000EAC                     
   585                           ;MENSAJES.c: 14:     SEND_STRING("coordenadas fuera del limite");
   586  000EAC  0E01               	movlw	low STR_2
   587  000EAE  6E02               	movwf	SEND_STRING@PointString^0,c
   588  000EB0  0E0D               	movlw	high STR_2
   589  000EB2  6E03               	movwf	(SEND_STRING@PointString+1)^0,c
   590  000EB4  ECAA  F006         	call	_SEND_STRING	;wreg free
   591  000EB8                     
   592                           ;MENSAJES.c: 15:     SEND_UART(10);
   593  000EB8  0E0A               	movlw	10
   594  000EBA  EC60  F007         	call	_SEND_UART
   595  000EBE  0012               	return		;funcret
   596  000EC0                     __end_of_ERROR_FUERA_LIMITE:
   597                           	opt callstack 0
   598                           
   599 ;; *************** function _SEND_STRING *****************
   600 ;; Defined at:
   601 ;;		line 5 in file "SERIAL.c"
   602 ;; Parameters:    Size  Location     Type
   603 ;;  PointString     2    1[COMRAM] PTR unsigned char 
   604 ;;		 -> STR_4(11), STR_3(19), STR_2(29), STR_1(22), 
   605 ;; Auto vars:     Size  Location     Type
   606 ;;  i               1    5[COMRAM] unsigned char 
   607 ;; Return value:  Size  Location     Type
   608 ;;                  1    wreg      void 
   609 ;; Registers used:
   610 ;;		wreg, status,2, status,0, tblptrl, tblptrh, tblptru, cstack
   611 ;; Tracked objects:
   612 ;;		On entry : 0/0
   613 ;;		On exit  : 0/0
   614 ;;		Unchanged: 0/0
   615 ;; Data sizes:     COMRAM   BANK0   BANK1   BANK2   BANK3   BANK4   BANK5   BANK6   BANK7   BANK8   BANK9  BANK10  BANK1
      +1  BANK12
   616 ;;      Params:         2       0       0       0       0       0       0       0       0       0       0       0       
      +0       0
   617 ;;      Locals:         1       0       0       0       0       0       0       0       0       0       0       0       
      +0       0
   618 ;;      Temps:          2       0       0       0       0       0       0       0       0       0       0       0       
      +0       0
   619 ;;      Totals:         5       0       0       0       0       0       0       0       0       0       0       0       
      +0       0
   620 ;;Total ram usage:        5 bytes
   621 ;; Hardware stack levels used:    1
   622 ;; Hardware stack levels required when called:    1
   623 ;; This function calls:
   624 ;;		_SEND_UART
   625 ;; This function is called by:
   626 ;;		_ERROR_NO_COMANDO
   627 ;;		_ERROR_FUERA_LIMITE
   628 ;;		_TERMINADO
   629 ;;		_PROCESO
   630 ;; This function uses a non-reentrant model
   631 ;;
   632                           
   633                           	psect	text6
   634  000D54                     __ptext6:
   635                           	opt callstack 0
   636  000D54                     _SEND_STRING:
   637                           	opt callstack 28
   638  000D54                     
   639                           ;SERIAL.c: 6:     for (unsigned char i = 0; i < 255; i++) {
   640  000D54  0E00               	movlw	0
   641  000D56  6E06               	movwf	SEND_STRING@i^0,c
   642  000D58                     l871:
   643                           
   644                           ;SERIAL.c: 7:         if (PointString[i] < 32 || PointString[i] > 122 ) {
   645  000D58  5006               	movf	SEND_STRING@i^0,w,c
   646  000D5A  2402               	addwf	SEND_STRING@PointString^0,w,c
   647  000D5C  6E04               	movwf	??_SEND_STRING^0,c
   648  000D5E  0E00               	movlw	0
   649  000D60  2003               	addwfc	(SEND_STRING@PointString+1)^0,w,c
   650  000D62  6E05               	movwf	(??_SEND_STRING+1)^0,c
   651  000D64  C004  FFF6         	movff	??_SEND_STRING,tblptrl
   652  000D68  C005  FFF7         	movff	??_SEND_STRING+1,tblptrh
   653  000D6C                     	if	0	;tblptru may be non-zero
   654  000D6C                     	endif
   655  000D6C                     	if	0	;tblptru may be non-zero
   656  000D6C                     	endif
   657  000D6C  0E1F               	movlw	31
   658  000D6E  0008               	tblrd		*
   659  000D70  64F5               	cpfsgt	tablat,c
   660  000D72  EFBD  F006         	goto	u71
   661  000D76  EFBF  F006         	goto	u70
   662  000D7A                     u71:
   663  000D7A  EFEB  F006         	goto	l65
   664  000D7E                     u70:
   665  000D7E  5006               	movf	SEND_STRING@i^0,w,c
   666  000D80  2402               	addwf	SEND_STRING@PointString^0,w,c
   667  000D82  6E04               	movwf	??_SEND_STRING^0,c
   668  000D84  0E00               	movlw	0
   669  000D86  2003               	addwfc	(SEND_STRING@PointString+1)^0,w,c
   670  000D88  6E05               	movwf	(??_SEND_STRING+1)^0,c
   671  000D8A  C004  FFF6         	movff	??_SEND_STRING,tblptrl
   672  000D8E  C005  FFF7         	movff	??_SEND_STRING+1,tblptrh
   673  000D92                     	if	0	;tblptru may be non-zero
   674  000D92                     	endif
   675  000D92                     	if	0	;tblptru may be non-zero
   676  000D92                     	endif
   677  000D92  0E7A               	movlw	122
   678  000D94  0008               	tblrd		*
   679  000D96  64F5               	cpfsgt	tablat,c
   680  000D98  EFD0  F006         	goto	u81
   681  000D9C  EFD2  F006         	goto	u80
   682  000DA0                     u81:
   683  000DA0  EFD4  F006         	goto	l875
   684  000DA4                     u80:
   685  000DA4  EFEB  F006         	goto	l65
   686  000DA8                     l875:
   687                           
   688                           ;SERIAL.c: 10:         SEND_UART(PointString[i]);
   689  000DA8  5006               	movf	SEND_STRING@i^0,w,c
   690  000DAA  2402               	addwf	SEND_STRING@PointString^0,w,c
   691  000DAC  6E04               	movwf	??_SEND_STRING^0,c
   692  000DAE  0E00               	movlw	0
   693  000DB0  2003               	addwfc	(SEND_STRING@PointString+1)^0,w,c
   694  000DB2  6E05               	movwf	(??_SEND_STRING+1)^0,c
   695  000DB4  C004  FFF6         	movff	??_SEND_STRING,tblptrl
   696  000DB8  C005  FFF7         	movff	??_SEND_STRING+1,tblptrh
   697  000DBC                     	if	0	;tblptru may be non-zero
   698  000DBC                     	endif
   699  000DBC                     	if	0	;tblptru may be non-zero
   700  000DBC                     	endif
   701  000DBC  0008               	tblrd		*
   702  000DBE  50F5               	movf	tablat,w,c
   703  000DC0  EC60  F007         	call	_SEND_UART
   704  000DC4                     
   705                           ;SERIAL.c: 12:     }
   706  000DC4  2A06               	incf	SEND_STRING@i^0,f,c
   707  000DC6  2806               	incf	SEND_STRING@i^0,w,c
   708  000DC8  A4D8               	btfss	status,2,c
   709  000DCA  EFE9  F006         	goto	u91
   710  000DCE  EFEB  F006         	goto	u90
   711  000DD2                     u91:
   712  000DD2  EFAC  F006         	goto	l871
   713  000DD6                     u90:
   714  000DD6                     l65:
   715  000DD6  0012               	return		;funcret
   716  000DD8                     __end_of_SEND_STRING:
   717                           	opt callstack 0
   718                           
   719 ;; *************** function _SEND_UART *****************
   720 ;; Defined at:
   721 ;;		line 16 in file "UART.c"
   722 ;; Parameters:    Size  Location     Type
   723 ;;  TX_Data         1    wreg     unsigned char 
   724 ;; Auto vars:     Size  Location     Type
   725 ;;  TX_Data         1    0[COMRAM] unsigned char 
   726 ;; Return value:  Size  Location     Type
   727 ;;                  1    wreg      void 
   728 ;; Registers used:
   729 ;;		wreg
   730 ;; Tracked objects:
   731 ;;		On entry : 0/0
   732 ;;		On exit  : 0/0
   733 ;;		Unchanged: 0/0
   734 ;; Data sizes:     COMRAM   BANK0   BANK1   BANK2   BANK3   BANK4   BANK5   BANK6   BANK7   BANK8   BANK9  BANK10  BANK1
      +1  BANK12
   735 ;;      Params:         0       0       0       0       0       0       0       0       0       0       0       0       
      +0       0
   736 ;;      Locals:         1       0       0       0       0       0       0       0       0       0       0       0       
      +0       0
   737 ;;      Temps:          0       0       0       0       0       0       0       0       0       0       0       0       
      +0       0
   738 ;;      Totals:         1       0       0       0       0       0       0       0       0       0       0       0       
      +0       0
   739 ;;Total ram usage:        1 bytes
   740 ;; Hardware stack levels used:    1
   741 ;; This function calls:
   742 ;;		Nothing
   743 ;; This function is called by:
   744 ;;		_ERROR_NO_COMANDO
   745 ;;		_ERROR_FUERA_LIMITE
   746 ;;		_TERMINADO
   747 ;;		_PROCESO
   748 ;;		_SEND_STRING
   749 ;; This function uses a non-reentrant model
   750 ;;
   751                           
   752                           	psect	text7
   753  000EC0                     __ptext7:
   754                           	opt callstack 0
   755  000EC0                     _SEND_UART:
   756                           	opt callstack 29
   757                           
   758                           ;incstack = 0
   759                           ;SEND_UART@TX_Data stored from wreg
   760  000EC0  6E01               	movwf	SEND_UART@TX_Data^0,c
   761  000EC2                     l42:
   762                           
   763                           ;UART.c: 17:     while (TXSTAbits.TRMT == 0) {
   764  000EC2  A2AC               	btfss	172,1,c	;volatile
   765  000EC4  EF66  F007         	goto	u11
   766  000EC8  EF68  F007         	goto	u10
   767  000ECC                     u11:
   768  000ECC  EF61  F007         	goto	l42
   769  000ED0                     u10:
   770  000ED0                     
   771                           ;UART.c: 19:     TXREG = TX_Data;
   772  000ED0  C001  FFAD         	movff	SEND_UART@TX_Data,4013	;volatile
   773  000ED4  0012               	return		;funcret
   774  000ED6                     __end_of_SEND_UART:
   775                           	opt callstack 0
   776                           
   777                           	psect	rparam
   778  0000                     tosu	equ	0xFFF
   779                           tosh	equ	0xFFE
   780                           tosl	equ	0xFFD
   781                           stkptr	equ	0xFFC
   782                           pclatu	equ	0xFFB
   783                           pclath	equ	0xFFA
   784                           pcl	equ	0xFF9
   785                           tblptru	equ	0xFF8
   786                           tblptrh	equ	0xFF7
   787                           tblptrl	equ	0xFF6
   788                           tablat	equ	0xFF5
   789                           prodh	equ	0xFF4
   790                           prodl	equ	0xFF3
   791                           indf0	equ	0xFEF
   792                           postinc0	equ	0xFEE
   793                           postdec0	equ	0xFED
   794                           preinc0	equ	0xFEC
   795                           plusw0	equ	0xFEB
   796                           fsr0h	equ	0xFEA
   797                           fsr0l	equ	0xFE9
   798                           wreg	equ	0xFE8
   799                           indf1	equ	0xFE7
   800                           postinc1	equ	0xFE6
   801                           postdec1	equ	0xFE5
   802                           preinc1	equ	0xFE4
   803                           plusw1	equ	0xFE3
   804                           fsr1h	equ	0xFE2
   805                           fsr1l	equ	0xFE1
   806                           bsr	equ	0xFE0
   807                           indf2	equ	0xFDF
   808                           postinc2	equ	0xFDE
   809                           postdec2	equ	0xFDD
   810                           preinc2	equ	0xFDC
   811                           plusw2	equ	0xFDB
   812                           fsr2h	equ	0xFDA
   813                           fsr2l	equ	0xFD9
   814                           status	equ	0xFD8


Data Sizes:
    Strings     81
    Constant    0
    Data        0
    BSS         1
    Persistent  0
    Stack       0

Auto Spaces:
    Space          Size  Autos    Used
    COMRAM           95      8       9
    BANK0           160      0       0
    BANK1           256      0       0
    BANK2           256      0       0
    BANK3           256      0       0
    BANK4           256      0       0
    BANK5           256      0       0
    BANK6           256      0       0
    BANK7           256      0       0
    BANK8           256      0       0
    BANK9           256      0       0
    BANK10          256      0       0
    BANK11          256      0       0
    BANK12          256      0       0

Pointer List with Targets:

    SEND_STRING@PointString	PTR unsigned char  size(2) Largest target is 29
		 -> STR_4(CODE[11]), STR_3(CODE[19]), STR_2(CODE[29]), STR_1(CODE[22]), 


Critical Paths under _main in COMRAM

    _TERMINADO->_SEND_STRING
    _PROCESO->_SEND_STRING
    _ERROR_NO_COMANDO->_SEND_STRING
    _ERROR_FUERA_LIMITE->_SEND_STRING
    _SEND_STRING->_SEND_UART

Critical Paths under _main in BANK0

    None.

Critical Paths under _main in BANK1

    None.

Critical Paths under _main in BANK2

    None.

Critical Paths under _main in BANK3

    None.

Critical Paths under _main in BANK4

    None.

Critical Paths under _main in BANK5

    None.

Critical Paths under _main in BANK6

    None.

Critical Paths under _main in BANK7

    None.

Critical Paths under _main in BANK8

    None.

Critical Paths under _main in BANK9

    None.

Critical Paths under _main in BANK10

    None.

Critical Paths under _main in BANK11

    None.

Critical Paths under _main in BANK12

    None.

Call Graph Tables:

 ---------------------------------------------------------------------------------
 (Depth) Function   	        Calls       Base Space   Used Autos Params    Refs
 ---------------------------------------------------------------------------------
 (0) _main                                                 2     2      0    2048
                                              6 COMRAM     2     2      0
                 _ERROR_FUERA_LIMITE
                   _ERROR_NO_COMANDO
                          _INIT_UART
                            _PROCESO
                          _TERMINADO
 ---------------------------------------------------------------------------------
 (1) _TERMINADO                                            0     0      0     512
                        _SEND_STRING
                          _SEND_UART
 ---------------------------------------------------------------------------------
 (1) _PROCESO                                              0     0      0     512
                        _SEND_STRING
                          _SEND_UART
 ---------------------------------------------------------------------------------
 (1) _INIT_UART                                            0     0      0       0
 ---------------------------------------------------------------------------------
 (1) _ERROR_NO_COMANDO                                     0     0      0     512
                        _SEND_STRING
                          _SEND_UART
 ---------------------------------------------------------------------------------
 (1) _ERROR_FUERA_LIMITE                                   0     0      0     512
                        _SEND_STRING
                          _SEND_UART
 ---------------------------------------------------------------------------------
 (2) _SEND_STRING                                          5     3      2     497
                                              1 COMRAM     5     3      2
                          _SEND_UART
 ---------------------------------------------------------------------------------
 (2) _SEND_UART                                            1     1      0      15
                                              0 COMRAM     1     1      0
 ---------------------------------------------------------------------------------
 Estimated maximum stack depth 2
 ---------------------------------------------------------------------------------

 Call Graph Graphs:

 _main (ROOT)
   _ERROR_FUERA_LIMITE
     _SEND_STRING
       _SEND_UART
     _SEND_UART
   _ERROR_NO_COMANDO
     _SEND_STRING
       _SEND_UART
     _SEND_UART
   _INIT_UART
   _PROCESO
     _SEND_STRING
       _SEND_UART
     _SEND_UART
   _TERMINADO
     _SEND_STRING
       _SEND_UART
     _SEND_UART

 Address spaces:
Name               Size   Autos  Total    Cost      Usage
BIGRAM             CFF      0       0      31        0.0%
EEDATA             400      0       0       0        0.0%
BITBANK12          100      0       0      29        0.0%
BANK12             100      0       0      30        0.0%
BITBANK11          100      0       0      27        0.0%
BANK11             100      0       0      28        0.0%
BITBANK10          100      0       0      25        0.0%
BANK10             100      0       0      26        0.0%
BITBANK9           100      0       0      23        0.0%
BANK9              100      0       0      24        0.0%
BITBANK8           100      0       0      21        0.0%
BANK8              100      0       0      22        0.0%
BITBANK7           100      0       0      18        0.0%
BANK7              100      0       0      19        0.0%
BITBANK6           100      0       0      16        0.0%
BANK6              100      0       0      17        0.0%
BITBANK5           100      0       0      14        0.0%
BANK5              100      0       0      15        0.0%
BITBANK4           100      0       0      12        0.0%
BANK4              100      0       0      13        0.0%
BITBANK3           100      0       0      10        0.0%
BANK3              100      0       0      11        0.0%
BITBANK2           100      0       0       8        0.0%
BANK2              100      0       0       9        0.0%
BITBANK1           100      0       0       6        0.0%
BANK1              100      0       0       7        0.0%
BITBANK0            A0      0       0       4        0.0%
BANK0               A0      0       0       5        0.0%
BITCOMRAM           5F      0       0       0        0.0%
COMRAM              5F      8       9       1        9.5%
BITSFR_3             0      0       0     200        0.0%
SFR_3                0      0       0     200        0.0%
BITSFR_2             0      0       0     200        0.0%
SFR_2                0      0       0     200        0.0%
BITSFR_1             0      0       0     200        0.0%
SFR_1                0      0       0     200        0.0%
BITSFR               0      0       0     200        0.0%
SFR                  0      0       0     200        0.0%
STACK                0      0       0       2        0.0%
NULL                 0      0       0       0        0.0%
ABS                  0      0       9      20        0.0%
DATA                 0      0       9       3        0.0%
CODE                 0      0       0       0        0.0%


Microchip Technology PIC18 Macro Assembler V2.10 build 88905656 
Symbol Table                                                                                   Thu Nov 28 11:25:05 2019

                          l9 0EA4                           l12 0EBE                           l15 0E70  
                         l42 0EC2                           l18 0E8A                           l45 0ED4  
                         l39 0EE6                           l65 0DD6                           u10 0ED0  
                         u11 0ECC                           u70 0D7E                           u71 0D7A  
                         u80 0DA4                           u81 0DA0                           u90 0DD6  
                         u91 0DD2                          l901 0E78                          l823 0ED6  
                        l903 0E84                          l911 0DE4                          l825 0EDA  
                        l921 0E1C                          l913 0DE8                          l905 0DD8  
                        l923 0E20                          l915 0DEC                          l907 0DDC  
                        l925 0E36                          l917 0E02                          l909 0DDE  
                        l871 0D58                          l927 0E3A                          l919 0E06  
                        l777 0EC2                          l873 0D7E                          l865 0D54  
                        l881 0E8C                          l779 0ED0                          l875 0DA8  
                        l891 0EB8                          l883 0E92                          l877 0DC4  
                        l885 0E9E                          l893 0E58                          l879 0DC6  
                        l887 0EA6                          l895 0E5E                          l889 0EAC  
                        l897 0E6A                          l899 0E72                          u107 0DF6  
                        u117 0E10                          u127 0E2A                          u137 0E44  
                        wreg 000FE8                 __CFG_LVP$OFF 000000                 __CFG_WDT$OFF 000000  
                       STR_1 0D1E                         STR_2 0D01                         STR_3 0D34  
                       STR_4 0D47              __end_of_PROCESO 0E8C                         _main 0DD8  
                       start 0000           __size_of_INIT_UART 0012                __CFG_MCLRE$ON 000000  
               ___param_bank 000000           __size_of_SEND_UART 0016                        ?_main 0001  
                      _CMCON 000FB4           __size_of_TERMINADO 001A                        _RCREG 000FAE  
                      _RCSTA 000FAB                        _SPBRG 000FAF                        _TXREG 000FAD  
                      _TXSTA 000FAC                        tablat 000FF5                        status 000FD8  
               ?_SEND_STRING 0002              __initialization 0EE8   __end_of_ERROR_FUERA_LIMITE 0EC0  
               __end_of_main 0E58                       ??_main 0007                __activetblptr 000001  
          __end_of_INIT_UART 0EE8                    ??_PROCESO 0007                       _ADCON1 000FC1  
                     _OSCCON 000FD3            __end_of_SEND_UART 0ED6            __end_of_TERMINADO 0E72  
          ?_ERROR_NO_COMANDO 0001           ??_ERROR_NO_COMANDO 0007                 __mediumconst 0000  
                     tblptrh 000FF7                       tblptrl 000FF6                       tblptru 000FF8  
                 __accesstop 0060      __end_of__initialization 0EEA              __CFG_PBADEN$OFF 000000  
              ___rparam_used 000001               __pcstackCOMRAM 0001         __size_of_SEND_STRING 0084  
                    _PROCESO 0E72                      _RX_Data 0009                      __Hparam 0000  
                    __Lparam 0000             SEND_UART@TX_Data 0001                 __psmallconst 0D00  
                    __pcinit 0EE8                      __ramtop 0D00                      __ptext0 0DD8  
                    __ptext1 0E58                      __ptext2 0E72                      __ptext3 0ED6  
                    __ptext4 0E8C                      __ptext5 0EA6                      __ptext6 0D54  
                    __ptext7 0EC0           _ERROR_FUERA_LIMITE 0EA6         end_of_initialization 0EEA  
        ?_ERROR_FUERA_LIMITE 0001                    _INIT_UART 0ED6                    _SEND_UART 0EC0  
                  _TERMINADO 0E58         ??_ERROR_FUERA_LIMITE 0007    __size_of_ERROR_NO_COMANDO 001A  
                  _TRISCbits 000F94                   ?_INIT_UART 0001                    _TXSTAbits 000FAC  
                 ?_SEND_UART 0001                   ?_TERMINADO 0001          start_initialization 0EE8  
           __CFG_OSC$IRCIO67 000000                 SEND_STRING@i 0006                  __pbssCOMRAM 0009  
                   ?_PROCESO 0001                  ??_INIT_UART 0001                ??_SEND_STRING 0004  
                ??_SEND_UART 0001                  ??_TERMINADO 0007             _ERROR_NO_COMANDO 0E8C  
                __smallconst 0D00                     _PIR1bits 000F9E       SEND_STRING@PointString 0002  
        __end_of_SEND_STRING 0DD8             __size_of_PROCESO 001A                     __Hrparam 0000  
                   __Lrparam 0000                 __Lsmallconst 0D00  __size_of_ERROR_FUERA_LIMITE 001A  
              __size_of_main 0080                  _SEND_STRING 0D54                   _CVRCONbits 000FB5  
   __end_of_ERROR_NO_COMANDO 0EA6  
