

Microchip MPLAB XC8 Assembler V2.10 build 88905656 
                                                                                               Thu Nov 21 15:51:59 2019

Microchip MPLAB XC8 C Compiler v2.10 (Free license) build 20190730164152 Og1 
     1                           	processor	18F4585
     2                           	fnconf	rparam,??,?,0
     3                           	opt	pw 120
     4                           	opt	flic
     5                           	psect	cinit,global,reloc=2,class=CODE,delta=1
     6                           	psect	cstackCOMRAM,global,class=COMRAM,space=1,delta=1,noexec
     7                           	psect	text0,global,reloc=2,class=CODE,delta=1
     8                           	psect	text1,global,reloc=2,class=CODE,delta=1
     9                           	psect	intsave_regs,global,class=BIGRAM,space=1,delta=1,noexec
    10                           	psect	rparam,global,class=COMRAM,space=1,delta=1,noexec
    11  0000                     
    12                           ; Version 2.10
    13                           ; Generated 31/07/2019 GMT
    14                           ; 
    15                           ; Copyright © 2019, Microchip Technology Inc. and its subsidiaries ("Microchip")
    16                           ; All rights reserved.
    17                           ; 
    18                           ; This software is developed by Microchip Technology Inc. and its subsidiaries ("Microch
      +                          ip").
    19                           ; 
    20                           ; Redistribution and use in source and binary forms, with or without modification, are
    21                           ; permitted provided that the following conditions are met:
    22                           ; 
    23                           ;     1. Redistributions of source code must retain the above copyright notice, this lis
      +                          t of
    24                           ;        conditions and the following disclaimer.
    25                           ; 
    26                           ;     2. Redistributions in binary form must reproduce the above copyright notice, this 
      +                          list
    27                           ;        of conditions and the following disclaimer in the documentation and/or other
    28                           ;        materials provided with the distribution.
    29                           ; 
    30                           ;     3. Microchip's name may not be used to endorse or promote products derived from th
      +                          is
    31                           ;        software without specific prior written permission.
    32                           ; 
    33                           ; THIS SOFTWARE IS PROVIDED BY MICROCHIP "AS IS" AND ANY EXPRESS OR IMPLIED WARRANTIES,
    34                           ; INCLUDING, BUT NOT LIMITED TO, THE IMPLIED WARRANTIES OF MERCHANTABILITY AND FITNESS F
      +                          OR
    35                           ; PURPOSE ARE DISCLAIMED.  IN NO EVENT SHALL MICROCHIP BE LIABLE FOR ANY DIRECT, INDIREC
      +                          T,
    36                           ; INCIDENTAL, SPECIAL, EXEMPLARY, OR CONSEQUENTIAL DAMAGES (INCLUDING BUT NOT LIMITED TO
    37                           ; PROCUREMENT OF SUBSTITUTE GOODS OR SERVICES; LOSS OF USE, DATA OR PROFITS; OR BUSINESS
    38                           ; INTERRUPTION) HOWSOEVER CAUSED AND ON ANY THEORY OF LIABILITY, WHETHER IN CONTRACT, ST
      +                          RICT
    39                           ; LIABILITY, OR TORT (INCLUDING NEGLIGENCE OR OTHERWISE) ARISING IN ANY WAY OUT OF THE U
      +                          SE OF
    40                           ; THIS SOFTWARE, EVEN IF ADVISED OF THE POSSIBILITY OF SUCH DAMAGE.
    41                           ; 
    42                           ; 
    43                           ; Code-generator required, PIC18F4585 Definitions
    44                           ; 
    45                           ; SFR Addresses
    46  0000                     _LATCbits	set	3979
    47  0000                     _LATAbits	set	3977
    48  0000                     _LATDbits	set	3980
    49  0000                     _LATBbits	set	3978
    50  0000                     _TRISCbits	set	3988
    51  0000                     _TRISDbits	set	3989
    52  0000                     _TRISAbits	set	3986
    53  0000                     _TRISBbits	set	3987
    54  0000                     _ADCON1	set	4033
    55  0000                     _CVRCONbits	set	4021
    56  0000                     _CMCON	set	4020
    57  0000                     _OSCCON	set	4051
    58                           
    59                           ; #config settings
    60  0000                     
    61                           	psect	cinit
    62  00BF24                     __pcinit:
    63                           	opt callstack 0
    64  00BF24                     start_initialization:
    65                           	opt callstack 0
    66  00BF24                     __initialization:
    67                           	opt callstack 0
    68  00BF24                     end_of_initialization:
    69                           	opt callstack 0
    70  00BF24                     __end_of__initialization:
    71                           	opt callstack 0
    72  00BF24  0100               	movlb	0
    73  00BF26  EF9C  F05F         	goto	_main	;jump to C main() function
    74                           
    75                           	psect	cstackCOMRAM
    76  000001                     __pcstackCOMRAM:
    77                           	opt callstack 0
    78  000001                     ??_main:
    79  000001                     
    80                           ; 2 bytes @ 0x0
    81  000001                     	ds	2
    82                           
    83 ;;
    84 ;;Main: autosize = 0, tempsize = 2, incstack = 0, save=0
    85 ;;
    86 ;; *************** function _main *****************
    87 ;; Defined at:
    88 ;;		line 15 in file "Gpio_Uso.c"
    89 ;; Parameters:    Size  Location     Type
    90 ;;		None
    91 ;; Auto vars:     Size  Location     Type
    92 ;;		None
    93 ;; Return value:  Size  Location     Type
    94 ;;                  2   35[None  ] int 
    95 ;; Registers used:
    96 ;;		wreg, status,2, status,0, cstack
    97 ;; Tracked objects:
    98 ;;		On entry : 0/0
    99 ;;		On exit  : 0/0
   100 ;;		Unchanged: 0/0
   101 ;; Data sizes:     COMRAM   BANK0   BANK1   BANK2   BANK3   BANK4   BANK5   BANK6   BANK7   BANK8   BANK9  BANK10  BANK1
      +1  BANK12
   102 ;;      Params:         0       0       0       0       0       0       0       0       0       0       0       0       
      +0       0
   103 ;;      Locals:         0       0       0       0       0       0       0       0       0       0       0       0       
      +0       0
   104 ;;      Temps:          2       0       0       0       0       0       0       0       0       0       0       0       
      +0       0
   105 ;;      Totals:         2       0       0       0       0       0       0       0       0       0       0       0       
      +0       0
   106 ;;Total ram usage:        2 bytes
   107 ;; Hardware stack levels required when called:    1
   108 ;; This function calls:
   109 ;;		_INIT_GPIO
   110 ;; This function is called by:
   111 ;;		Startup code after reset
   112 ;; This function uses a non-reentrant model
   113 ;;
   114                           
   115                           	psect	text0
   116  00BF38                     __ptext0:
   117                           	opt callstack 0
   118  00BF38                     _main:
   119                           	opt callstack 30
   120  00BF38                     
   121                           ;Gpio_Uso.c: 17:     do { LATAbits.LATA0 = ~LATAbits.LATA0; } while(0);
   122  00BF38  EC95  F05F         	call	_INIT_GPIO	;wreg free
   123  00BF3C  9093               	bcf	147,0,c	;volatile
   124  00BF3E  9092               	bcf	146,0,c	;volatile
   125  00BF40  9095               	bcf	149,0,c	;volatile
   126  00BF42  9094               	bcf	148,0,c	;volatile
   127  00BF44                     l755:
   128  00BF44  808A               	bsf	138,0,c	;volatile
   129  00BF46  808C               	bsf	140,0,c	;volatile
   130  00BF48  9089               	bcf	137,0,c	;volatile
   131  00BF4A  908B               	bcf	139,0,c	;volatile
   132  00BF4C  0E06               	movlw	6
   133  00BF4E  6E02               	movwf	(??_main+1)^0,c
   134  00BF50  0E13               	movlw	19
   135  00BF52  6E01               	movwf	??_main^0,c
   136  00BF54  0EAE               	movlw	174
   137  00BF56                     u57:
   138  00BF56  2EE8               	decfsz	wreg,f,c
   139  00BF58  D7FE               	bra	u57
   140  00BF5A  2E01               	decfsz	??_main^0,f,c
   141  00BF5C  D7FC               	bra	u57
   142  00BF5E  2E02               	decfsz	(??_main+1)^0,f,c
   143  00BF60  D7FA               	bra	u57
   144  00BF62  B08A               	btfsc	138,0,c	;volatile
   145  00BF64  EFB6  F05F         	goto	u11
   146  00BF68  EFB9  F05F         	goto	u10
   147  00BF6C                     u11:
   148  00BF6C  0E01               	movlw	1
   149  00BF6E  EFBA  F05F         	goto	u16
   150  00BF72                     u10:
   151  00BF72  0E00               	movlw	0
   152  00BF74                     u16:
   153  00BF74  0AFF               	xorlw	255
   154  00BF76  6E01               	movwf	??_main^0,c
   155  00BF78  508A               	movf	138,w,c	;volatile
   156  00BF7A  1801               	xorwf	??_main^0,w,c
   157  00BF7C  0BFE               	andlw	-2
   158  00BF7E  1801               	xorwf	??_main^0,w,c
   159  00BF80  6E8A               	movwf	138,c	;volatile
   160  00BF82  B08C               	btfsc	140,0,c	;volatile
   161  00BF84  EFC6  F05F         	goto	u21
   162  00BF88  EFC9  F05F         	goto	u20
   163  00BF8C                     u21:
   164  00BF8C  0E01               	movlw	1
   165  00BF8E  EFCA  F05F         	goto	u26
   166  00BF92                     u20:
   167  00BF92  0E00               	movlw	0
   168  00BF94                     u26:
   169  00BF94  0AFF               	xorlw	255
   170  00BF96  6E01               	movwf	??_main^0,c
   171  00BF98  508C               	movf	140,w,c	;volatile
   172  00BF9A  1801               	xorwf	??_main^0,w,c
   173  00BF9C  0BFE               	andlw	-2
   174  00BF9E  1801               	xorwf	??_main^0,w,c
   175  00BFA0  6E8C               	movwf	140,c	;volatile
   176  00BFA2  B089               	btfsc	137,0,c	;volatile
   177  00BFA4  EFD6  F05F         	goto	u31
   178  00BFA8  EFD9  F05F         	goto	u30
   179  00BFAC                     u31:
   180  00BFAC  0E01               	movlw	1
   181  00BFAE  EFDA  F05F         	goto	u36
   182  00BFB2                     u30:
   183  00BFB2  0E00               	movlw	0
   184  00BFB4                     u36:
   185  00BFB4  0AFF               	xorlw	255
   186  00BFB6  6E01               	movwf	??_main^0,c
   187  00BFB8  5089               	movf	137,w,c	;volatile
   188  00BFBA  1801               	xorwf	??_main^0,w,c
   189  00BFBC  0BFE               	andlw	-2
   190  00BFBE  1801               	xorwf	??_main^0,w,c
   191  00BFC0  6E89               	movwf	137,c	;volatile
   192  00BFC2  B08B               	btfsc	139,0,c	;volatile
   193  00BFC4  EFE6  F05F         	goto	u41
   194  00BFC8  EFE9  F05F         	goto	u40
   195  00BFCC                     u41:
   196  00BFCC  0E01               	movlw	1
   197  00BFCE  EFEA  F05F         	goto	u46
   198  00BFD2                     u40:
   199  00BFD2  0E00               	movlw	0
   200  00BFD4                     u46:
   201  00BFD4  0AFF               	xorlw	255
   202  00BFD6  6E01               	movwf	??_main^0,c
   203  00BFD8  508B               	movf	139,w,c	;volatile
   204  00BFDA  1801               	xorwf	??_main^0,w,c
   205  00BFDC  0BFE               	andlw	-2
   206  00BFDE  1801               	xorwf	??_main^0,w,c
   207  00BFE0  6E8B               	movwf	139,c	;volatile
   208  00BFE2  0E06               	movlw	6
   209  00BFE4  6E02               	movwf	(??_main+1)^0,c
   210  00BFE6  0E13               	movlw	19
   211  00BFE8  6E01               	movwf	??_main^0,c
   212  00BFEA  0EAE               	movlw	174
   213  00BFEC                     u67:
   214  00BFEC  2EE8               	decfsz	wreg,f,c
   215  00BFEE  D7FE               	bra	u67
   216  00BFF0  2E01               	decfsz	??_main^0,f,c
   217  00BFF2  D7FC               	bra	u67
   218  00BFF4  2E02               	decfsz	(??_main+1)^0,f,c
   219  00BFF6  D7FA               	bra	u67
   220  00BFF8  EFA2  F05F         	goto	l755
   221  00BFFC  EF00  F000         	goto	start
   222  00C000                     __end_of_main:
   223                           	opt callstack 0
   224                           
   225 ;; *************** function _INIT_GPIO *****************
   226 ;; Defined at:
   227 ;;		line 5 in file "GPIO.c"
   228 ;; Parameters:    Size  Location     Type
   229 ;;		None
   230 ;; Auto vars:     Size  Location     Type
   231 ;;		None
   232 ;; Return value:  Size  Location     Type
   233 ;;                  1    wreg      void 
   234 ;; Registers used:
   235 ;;		wreg, status,2
   236 ;; Tracked objects:
   237 ;;		On entry : 0/0
   238 ;;		On exit  : 0/0
   239 ;;		Unchanged: 0/0
   240 ;; Data sizes:     COMRAM   BANK0   BANK1   BANK2   BANK3   BANK4   BANK5   BANK6   BANK7   BANK8   BANK9  BANK10  BANK1
      +1  BANK12
   241 ;;      Params:         0       0       0       0       0       0       0       0       0       0       0       0       
      +0       0
   242 ;;      Locals:         0       0       0       0       0       0       0       0       0       0       0       0       
      +0       0
   243 ;;      Temps:          0       0       0       0       0       0       0       0       0       0       0       0       
      +0       0
   244 ;;      Totals:         0       0       0       0       0       0       0       0       0       0       0       0       
      +0       0
   245 ;;Total ram usage:        0 bytes
   246 ;; Hardware stack levels used:    1
   247 ;; This function calls:
   248 ;;		Nothing
   249 ;; This function is called by:
   250 ;;		_main
   251 ;; This function uses a non-reentrant model
   252 ;;
   253                           
   254                           	psect	text1
   255  00BF2A                     __ptext1:
   256                           	opt callstack 0
   257  00BF2A                     _INIT_GPIO:
   258                           	opt callstack 30
   259  00BF2A                     
   260                           ;GPIO.c: 7:     OSCCON = 0X60;
   261  00BF2A  0E60               	movlw	96
   262  00BF2C  6ED3               	movwf	211,c	;volatile
   263  00BF2E                     
   264                           ;GPIO.c: 9:     CMCON = 0XFF;
   265  00BF2E  68B4               	setf	180,c	;volatile
   266  00BF30                     
   267                           ;GPIO.c: 10:     CVRCONbits.CVREN = 0;
   268  00BF30  9EB5               	bcf	181,7,c	;volatile
   269                           
   270                           ;GPIO.c: 11:     ADCON1 = 0X0F;
   271  00BF32  0E0F               	movlw	15
   272  00BF34  6EC1               	movwf	193,c	;volatile
   273  00BF36  0012               	return		;funcret
   274  00BF38                     __end_of_INIT_GPIO:
   275                           	opt callstack 0
   276  0000                     
   277                           	psect	rparam
   278  0000                     tosu	equ	0xFFF
   279                           tosh	equ	0xFFE
   280                           tosl	equ	0xFFD
   281                           stkptr	equ	0xFFC
   282                           pclatu	equ	0xFFB
   283                           pclath	equ	0xFFA
   284                           pcl	equ	0xFF9
   285                           tblptru	equ	0xFF8
   286                           tblptrh	equ	0xFF7
   287                           tblptrl	equ	0xFF6
   288                           tablat	equ	0xFF5
   289                           prodh	equ	0xFF4
   290                           prodl	equ	0xFF3
   291                           indf0	equ	0xFEF
   292                           postinc0	equ	0xFEE
   293                           postdec0	equ	0xFED
   294                           preinc0	equ	0xFEC
   295                           plusw0	equ	0xFEB
   296                           fsr0h	equ	0xFEA
   297                           fsr0l	equ	0xFE9
   298                           wreg	equ	0xFE8
   299                           indf1	equ	0xFE7
   300                           postinc1	equ	0xFE6
   301                           postdec1	equ	0xFE5
   302                           preinc1	equ	0xFE4
   303                           plusw1	equ	0xFE3
   304                           fsr1h	equ	0xFE2
   305                           fsr1l	equ	0xFE1
   306                           bsr	equ	0xFE0
   307                           indf2	equ	0xFDF
   308                           postinc2	equ	0xFDE
   309                           postdec2	equ	0xFDD
   310                           preinc2	equ	0xFDC
   311                           plusw2	equ	0xFDB
   312                           fsr2h	equ	0xFDA
   313                           fsr2l	equ	0xFD9
   314                           status	equ	0xFD8


Data Sizes:
    Strings     0
    Constant    0
    Data        0
    BSS         0
    Persistent  0
    Stack       0

Auto Spaces:
    Space          Size  Autos    Used
    COMRAM           95      2       2
    BANK0           160      0       0
    BANK1           256      0       0
    BANK2           256      0       0
    BANK3           256      0       0
    BANK4           256      0       0
    BANK5           256      0       0
    BANK6           256      0       0
    BANK7           256      0       0
    BANK8           256      0       0
    BANK9           256      0       0
    BANK10          256      0       0
    BANK11          256      0       0
    BANK12          256      0       0

Pointer List with Targets:

    None.

Critical Paths under _main in COMRAM

    None.

Critical Paths under _main in BANK0

    None.

Critical Paths under _main in BANK1

    None.

Critical Paths under _main in BANK2

    None.

Critical Paths under _main in BANK3

    None.

Critical Paths under _main in BANK4

    None.

Critical Paths under _main in BANK5

    None.

Critical Paths under _main in BANK6

    None.

Critical Paths under _main in BANK7

    None.

Critical Paths under _main in BANK8

    None.

Critical Paths under _main in BANK9

    None.

Critical Paths under _main in BANK10

    None.

Critical Paths under _main in BANK11

    None.

Critical Paths under _main in BANK12

    None.

Call Graph Tables:

 ---------------------------------------------------------------------------------
 (Depth) Function   	        Calls       Base Space   Used Autos Params    Refs
 ---------------------------------------------------------------------------------
 (0) _main                                                 2     2      0       0
                                              0 COMRAM     2     2      0
                          _INIT_GPIO
 ---------------------------------------------------------------------------------
 (1) _INIT_GPIO                                            0     0      0       0
 ---------------------------------------------------------------------------------
 Estimated maximum stack depth 1
 ---------------------------------------------------------------------------------

 Call Graph Graphs:

 _main (ROOT)
   _INIT_GPIO

 Address spaces:
Name               Size   Autos  Total    Cost      Usage
BITCOMRAM           5F      0       0       0        0.0%
EEDATA             400      0       0       0        0.0%
NULL                 0      0       0       0        0.0%
CODE                 0      0       0       0        0.0%
COMRAM              5F      2       2       1        2.1%
STACK                0      0       0       2        0.0%
DATA                 0      0       0       3        0.0%
BITBANK0            A0      0       0       4        0.0%
BANK0               A0      0       0       5        0.0%
BITBANK1           100      0       0       6        0.0%
BANK1              100      0       0       7        0.0%
BITBANK2           100      0       0       8        0.0%
BANK2              100      0       0       9        0.0%
BITBANK3           100      0       0      10        0.0%
BANK3              100      0       0      11        0.0%
BITBANK4           100      0       0      12        0.0%
BANK4              100      0       0      13        0.0%
BITBANK5           100      0       0      14        0.0%
BANK5              100      0       0      15        0.0%
BITBANK6           100      0       0      16        0.0%
BANK6              100      0       0      17        0.0%
BITBANK7           100      0       0      18        0.0%
BANK7              100      0       0      19        0.0%
ABS                  0      0       0      20        0.0%
BITBANK8           100      0       0      21        0.0%
BANK8              100      0       0      22        0.0%
BITBANK9           100      0       0      23        0.0%
BANK9              100      0       0      24        0.0%
BITBANK10          100      0       0      25        0.0%
BANK10             100      0       0      26        0.0%
BITBANK11          100      0       0      27        0.0%
BANK11             100      0       0      28        0.0%
BITBANK12          100      0       0      29        0.0%
BANK12             100      0       0      30        0.0%
BIGRAM             CFF      0       0      31        0.0%
BITSFR_3             0      0       0     200        0.0%
SFR_3                0      0       0     200        0.0%
BITSFR_2             0      0       0     200        0.0%
SFR_2                0      0       0     200        0.0%
BITSFR_1             0      0       0     200        0.0%
SFR_1                0      0       0     200        0.0%
BITSFR               0      0       0     200        0.0%
SFR                  0      0       0     200        0.0%


Microchip Technology PIC18 Macro Assembler V2.10 build 88905656 
Symbol Table                                                                                   Thu Nov 21 15:51:59 2019

                     l11 BF36                       u10 BF72                       u11 BF6C  
                     u20 BF92                       u21 BF8C                       u30 BFB2  
                     u31 BFAC                       u40 BFD2                       u16 BF74  
                     u41 BFCC                       u26 BF94                       u36 BFB4  
                     u46 BFD4                       u57 BF56                       u67 BFEC  
                    l741 BF2E                      l743 BF30                      l751 BF40  
                    l761 BF4A                      l753 BF42                      l745 BF38  
                    l739 BF2A                      l771 BFC2                      l763 BF4C  
                    l755 BF44                      l747 BF3C                      l773 BFE2  
                    l765 BF62                      l757 BF46                      l749 BF3E  
                    l767 BF82                      l759 BF48                      l769 BFA2  
                    wreg 000FE8             __CFG_LVP$OFF 000000             __CFG_WDT$OFF 000000  
                   _main BF38                     start 0000       __size_of_INIT_GPIO 000E  
          __CFG_MCLRE$ON 000000             ___param_bank 000000                    ?_main 0001  
                  _CMCON 000FB4          __initialization BF24             __end_of_main C000  
                 ??_main 0001            __activetblptr 000000        __end_of_INIT_GPIO BF38  
                 _ADCON1 000FC1                   _OSCCON 000FD3               __accesstop 0060  
__end_of__initialization BF24          __CFG_PBADEN$OFF 000000            ___rparam_used 000001  
         __pcstackCOMRAM 0001                  __Hparam 0000                  __Lparam 0000  
                __pcinit BF24                  __ramtop 0D00                  __ptext0 BF38  
                __ptext1 BF2A     end_of_initialization BF24                _INIT_GPIO BF2A  
              _TRISAbits 000F92                _TRISBbits 000F93                _TRISCbits 000F94  
              _TRISDbits 000F95               ?_INIT_GPIO 0001      start_initialization BF24  
       __CFG_OSC$IRCIO67 000000              ??_INIT_GPIO 0001                 _LATAbits 000F89  
               _LATBbits 000F8A                 _LATCbits 000F8B                 _LATDbits 000F8C  
               __Hrparam 0000                 __Lrparam 0000            __size_of_main 00C8  
             _CVRCONbits 000FB5  
