

Microchip MPLAB XC8 Assembler V2.10 build 88905656 
                                                                                               Mon Nov 25 17:49:38 2019

Microchip MPLAB XC8 C Compiler v2.10 (Free license) build 20190730164152 Og1 
     1                           	processor	18F4585
     2                           	fnconf	rparam,??,?,0
     3                           	opt	pw 120
     4                           	opt	flic
     5                           	psect	cinit,global,reloc=2,class=CODE,delta=1
     6                           	psect	cstackCOMRAM,global,class=COMRAM,space=1,delta=1,noexec
     7                           	psect	text0,global,reloc=2,class=CODE,delta=1
     8                           	psect	text1,global,reloc=2,class=CODE,delta=1
     9                           	psect	intsave_regs,global,class=BIGRAM,space=1,delta=1,noexec
    10                           	psect	rparam,global,class=COMRAM,space=1,delta=1,noexec
    11  0000                     
    12                           ; Version 2.10
    13                           ; Generated 31/07/2019 GMT
    14                           ; 
    15                           ; Copyright © 2019, Microchip Technology Inc. and its subsidiaries ("Microchip")
    16                           ; All rights reserved.
    17                           ; 
    18                           ; This software is developed by Microchip Technology Inc. and its subsidiaries ("Microch
      +                          ip").
    19                           ; 
    20                           ; Redistribution and use in source and binary forms, with or without modification, are
    21                           ; permitted provided that the following conditions are met:
    22                           ; 
    23                           ;     1. Redistributions of source code must retain the above copyright notice, this lis
      +                          t of
    24                           ;        conditions and the following disclaimer.
    25                           ; 
    26                           ;     2. Redistributions in binary form must reproduce the above copyright notice, this 
      +                          list
    27                           ;        of conditions and the following disclaimer in the documentation and/or other
    28                           ;        materials provided with the distribution.
    29                           ; 
    30                           ;     3. Microchip's name may not be used to endorse or promote products derived from th
      +                          is
    31                           ;        software without specific prior written permission.
    32                           ; 
    33                           ; THIS SOFTWARE IS PROVIDED BY MICROCHIP "AS IS" AND ANY EXPRESS OR IMPLIED WARRANTIES,
    34                           ; INCLUDING, BUT NOT LIMITED TO, THE IMPLIED WARRANTIES OF MERCHANTABILITY AND FITNESS F
      +                          OR
    35                           ; PURPOSE ARE DISCLAIMED.  IN NO EVENT SHALL MICROCHIP BE LIABLE FOR ANY DIRECT, INDIREC
      +                          T,
    36                           ; INCIDENTAL, SPECIAL, EXEMPLARY, OR CONSEQUENTIAL DAMAGES (INCLUDING BUT NOT LIMITED TO
    37                           ; PROCUREMENT OF SUBSTITUTE GOODS OR SERVICES; LOSS OF USE, DATA OR PROFITS; OR BUSINESS
    38                           ; INTERRUPTION) HOWSOEVER CAUSED AND ON ANY THEORY OF LIABILITY, WHETHER IN CONTRACT, ST
      +                          RICT
    39                           ; LIABILITY, OR TORT (INCLUDING NEGLIGENCE OR OTHERWISE) ARISING IN ANY WAY OUT OF THE U
      +                          SE OF
    40                           ; THIS SOFTWARE, EVEN IF ADVISED OF THE POSSIBILITY OF SUCH DAMAGE.
    41                           ; 
    42                           ; 
    43                           ; Code-generator required, PIC18F4585 Definitions
    44                           ; 
    45                           ; SFR Addresses
    46  0000                     _T2CONbits	set	4042
    47  0000                     _TMR2	set	4044
    48  0000                     _CCP1CON	set	4029
    49  0000                     _T2CON	set	4042
    50  0000                     _TRISCbits	set	3988
    51  0000                     _ECCPR1L	set	4027
    52  0000                     _PR2	set	4043
    53                           
    54                           ; #config settings
    55                           
    56                           	psect	cinit
    57  00BFD4                     __pcinit:
    58                           	opt callstack 0
    59  00BFD4                     start_initialization:
    60                           	opt callstack 0
    61  00BFD4                     __initialization:
    62                           	opt callstack 0
    63  00BFD4                     end_of_initialization:
    64                           	opt callstack 0
    65  00BFD4                     __end_of__initialization:
    66                           	opt callstack 0
    67  00BFD4  0100               	movlb	0
    68  00BFD6  EFED  F05F         	goto	_main	;jump to C main() function
    69                           
    70                           	psect	cstackCOMRAM
    71  000000                     __pcstackCOMRAM:
    72                           	opt callstack 0
    73  000000                     
    74                           ; 1 bytes @ 0x0
    75 ;;
    76 ;;Main: autosize = 0, tempsize = 0, incstack = 0, save=0
    77 ;;
    78 ;; *************** function _main *****************
    79 ;; Defined at:
    80 ;;		line 4 in file "Pwm_Uso.c"
    81 ;; Parameters:    Size  Location     Type
    82 ;;		None
    83 ;; Auto vars:     Size  Location     Type
    84 ;;		None
    85 ;; Return value:  Size  Location     Type
    86 ;;                  1    wreg      void 
    87 ;; Registers used:
    88 ;;		wreg, status,2, cstack
    89 ;; Tracked objects:
    90 ;;		On entry : 0/0
    91 ;;		On exit  : 0/0
    92 ;;		Unchanged: 0/0
    93 ;; Data sizes:     COMRAM   BANK0   BANK1   BANK2   BANK3   BANK4   BANK5   BANK6   BANK7   BANK8   BANK9  BANK10  BANK1
      +1  BANK12
    94 ;;      Params:         0       0       0       0       0       0       0       0       0       0       0       0       
      +0       0
    95 ;;      Locals:         0       0       0       0       0       0       0       0       0       0       0       0       
      +0       0
    96 ;;      Temps:          0       0       0       0       0       0       0       0       0       0       0       0       
      +0       0
    97 ;;      Totals:         0       0       0       0       0       0       0       0       0       0       0       0       
      +0       0
    98 ;;Total ram usage:        0 bytes
    99 ;; Hardware stack levels required when called:    1
   100 ;; This function calls:
   101 ;;		_INIT_PWM
   102 ;; This function is called by:
   103 ;;		Startup code after reset
   104 ;; This function uses a non-reentrant model
   105 ;;
   106                           
   107                           	psect	text0
   108  00BFDA                     __ptext0:
   109                           	opt callstack 0
   110  00BFDA                     _main:
   111                           	opt callstack 30
   112  00BFDA                     
   113                           ;Pwm_Uso.c: 5:     INIT_PWM();
   114  00BFDA  ECF3  F05F         	call	_INIT_PWM	;wreg free
   115  00BFDE                     l24:
   116  00BFDE  EFEF  F05F         	goto	l24
   117  00BFE2  EF00  F000         	goto	start
   118  00BFE6                     __end_of_main:
   119                           	opt callstack 0
   120                           
   121 ;; *************** function _INIT_PWM *****************
   122 ;; Defined at:
   123 ;;		line 4 in file "PWM.c"
   124 ;; Parameters:    Size  Location     Type
   125 ;;		None
   126 ;; Auto vars:     Size  Location     Type
   127 ;;		None
   128 ;; Return value:  Size  Location     Type
   129 ;;                  1    wreg      void 
   130 ;; Registers used:
   131 ;;		wreg, status,2
   132 ;; Tracked objects:
   133 ;;		On entry : 0/0
   134 ;;		On exit  : 0/0
   135 ;;		Unchanged: 0/0
   136 ;; Data sizes:     COMRAM   BANK0   BANK1   BANK2   BANK3   BANK4   BANK5   BANK6   BANK7   BANK8   BANK9  BANK10  BANK1
      +1  BANK12
   137 ;;      Params:         0       0       0       0       0       0       0       0       0       0       0       0       
      +0       0
   138 ;;      Locals:         0       0       0       0       0       0       0       0       0       0       0       0       
      +0       0
   139 ;;      Temps:          0       0       0       0       0       0       0       0       0       0       0       0       
      +0       0
   140 ;;      Totals:         0       0       0       0       0       0       0       0       0       0       0       0       
      +0       0
   141 ;;Total ram usage:        0 bytes
   142 ;; Hardware stack levels used:    1
   143 ;; This function calls:
   144 ;;		Nothing
   145 ;; This function is called by:
   146 ;;		_main
   147 ;; This function uses a non-reentrant model
   148 ;;
   149                           
   150                           	psect	text1
   151  00BFE6                     __ptext1:
   152                           	opt callstack 0
   153  00BFE6                     _INIT_PWM:
   154                           	opt callstack 30
   155  00BFE6                     
   156                           ;PWM.c: 19:     PR2 = 0xF9;
   157  00BFE6  0EF9               	movlw	249
   158  00BFE8  6ECB               	movwf	203,c	;volatile
   159                           
   160                           ;PWM.c: 20:     ECCPR1L = 0x7D;
   161  00BFEA  0E7D               	movlw	125
   162  00BFEC  6EBB               	movwf	187,c	;volatile
   163  00BFEE                     
   164                           ;PWM.c: 21:     TRISCbits.RC2 = 0;
   165  00BFEE  9494               	bcf	148,2,c	;volatile
   166                           
   167                           ;PWM.c: 22:     T2CON = 0x03;
   168  00BFF0  0E03               	movlw	3
   169  00BFF2  6ECA               	movwf	202,c	;volatile
   170                           
   171                           ;PWM.c: 23:     CCP1CON = 0x0C;
   172  00BFF4  0E0C               	movlw	12
   173  00BFF6  6EBD               	movwf	189,c	;volatile
   174                           
   175                           ;PWM.c: 24:     TMR2 = 0;
   176  00BFF8  0E00               	movlw	0
   177  00BFFA  6ECC               	movwf	204,c	;volatile
   178  00BFFC                     
   179                           ;PWM.c: 25:     T2CONbits.TMR2ON = 1;
   180  00BFFC  84CA               	bsf	202,2,c	;volatile
   181  00BFFE  0012               	return		;funcret
   182  00C000                     __end_of_INIT_PWM:
   183                           	opt callstack 0
   184  0000                     
   185                           	psect	rparam
   186  0000                     tosu	equ	0xFFF
   187                           tosh	equ	0xFFE
   188                           tosl	equ	0xFFD
   189                           stkptr	equ	0xFFC
   190                           pclatu	equ	0xFFB
   191                           pclath	equ	0xFFA
   192                           pcl	equ	0xFF9
   193                           tblptru	equ	0xFF8
   194                           tblptrh	equ	0xFF7
   195                           tblptrl	equ	0xFF6
   196                           tablat	equ	0xFF5
   197                           prodh	equ	0xFF4
   198                           prodl	equ	0xFF3
   199                           indf0	equ	0xFEF
   200                           postinc0	equ	0xFEE
   201                           postdec0	equ	0xFED
   202                           preinc0	equ	0xFEC
   203                           plusw0	equ	0xFEB
   204                           fsr0h	equ	0xFEA
   205                           fsr0l	equ	0xFE9
   206                           wreg	equ	0xFE8
   207                           indf1	equ	0xFE7
   208                           postinc1	equ	0xFE6
   209                           postdec1	equ	0xFE5
   210                           preinc1	equ	0xFE4
   211                           plusw1	equ	0xFE3
   212                           fsr1h	equ	0xFE2
   213                           fsr1l	equ	0xFE1
   214                           bsr	equ	0xFE0
   215                           indf2	equ	0xFDF
   216                           postinc2	equ	0xFDE
   217                           postdec2	equ	0xFDD
   218                           preinc2	equ	0xFDC
   219                           plusw2	equ	0xFDB
   220                           fsr2h	equ	0xFDA
   221                           fsr2l	equ	0xFD9
   222                           status	equ	0xFD8


Data Sizes:
    Strings     0
    Constant    0
    Data        0
    BSS         0
    Persistent  0
    Stack       0

Auto Spaces:
    Space          Size  Autos    Used
    COMRAM           95      0       0
    BANK0           160      0       0
    BANK1           256      0       0
    BANK2           256      0       0
    BANK3           256      0       0
    BANK4           256      0       0
    BANK5           256      0       0
    BANK6           256      0       0
    BANK7           256      0       0
    BANK8           256      0       0
    BANK9           256      0       0
    BANK10          256      0       0
    BANK11          256      0       0
    BANK12          256      0       0

Pointer List with Targets:

    None.

Critical Paths under _main in COMRAM

    None.

Critical Paths under _main in BANK0

    None.

Critical Paths under _main in BANK1

    None.

Critical Paths under _main in BANK2

    None.

Critical Paths under _main in BANK3

    None.

Critical Paths under _main in BANK4

    None.

Critical Paths under _main in BANK5

    None.

Critical Paths under _main in BANK6

    None.

Critical Paths under _main in BANK7

    None.

Critical Paths under _main in BANK8

    None.

Critical Paths under _main in BANK9

    None.

Critical Paths under _main in BANK10

    None.

Critical Paths under _main in BANK11

    None.

Critical Paths under _main in BANK12

    None.

Call Graph Tables:

 ---------------------------------------------------------------------------------
 (Depth) Function   	        Calls       Base Space   Used Autos Params    Refs
 ---------------------------------------------------------------------------------
 (0) _main                                                 0     0      0       0
                           _INIT_PWM
 ---------------------------------------------------------------------------------
 (1) _INIT_PWM                                             0     0      0       0
 ---------------------------------------------------------------------------------
 Estimated maximum stack depth 1
 ---------------------------------------------------------------------------------

 Call Graph Graphs:

 _main (ROOT)
   _INIT_PWM

 Address spaces:
Name               Size   Autos  Total    Cost      Usage
BITCOMRAM           5F      0       0       0        0.0%
EEDATA             400      0       0       0        0.0%
NULL                 0      0       0       0        0.0%
CODE                 0      0       0       0        0.0%
COMRAM              5F      0       0       1        0.0%
STACK                0      0       0       2        0.0%
DATA                 0      0       0       3        0.0%
BITBANK0            A0      0       0       4        0.0%
BANK0               A0      0       0       5        0.0%
BITBANK1           100      0       0       6        0.0%
BANK1              100      0       0       7        0.0%
BITBANK2           100      0       0       8        0.0%
BANK2              100      0       0       9        0.0%
BITBANK3           100      0       0      10        0.0%
BANK3              100      0       0      11        0.0%
BITBANK4           100      0       0      12        0.0%
BANK4              100      0       0      13        0.0%
BITBANK5           100      0       0      14        0.0%
BANK5              100      0       0      15        0.0%
BITBANK6           100      0       0      16        0.0%
BANK6              100      0       0      17        0.0%
BITBANK7           100      0       0      18        0.0%
BANK7              100      0       0      19        0.0%
ABS                  0      0       0      20        0.0%
BITBANK8           100      0       0      21        0.0%
BANK8              100      0       0      22        0.0%
BITBANK9           100      0       0      23        0.0%
BANK9              100      0       0      24        0.0%
BITBANK10          100      0       0      25        0.0%
BANK10             100      0       0      26        0.0%
BITBANK11          100      0       0      27        0.0%
BANK11             100      0       0      28        0.0%
BITBANK12          100      0       0      29        0.0%
BANK12             100      0       0      30        0.0%
BIGRAM             CFF      0       0      31        0.0%
BITSFR_3             0      0       0     200        0.0%
SFR_3                0      0       0     200        0.0%
BITSFR_2             0      0       0     200        0.0%
SFR_2                0      0       0     200        0.0%
BITSFR_1             0      0       0     200        0.0%
SFR_1                0      0       0     200        0.0%
BITSFR               0      0       0     200        0.0%
SFR                  0      0       0     200        0.0%


Microchip Technology PIC18 Macro Assembler V2.10 build 88905656 
Symbol Table                                                                                   Mon Nov 25 17:49:38 2019

                     l24 BFDE                       l17 BFFE                       l25 BFDE  
                    l703 BFE6                      l705 BFEE                      l707 BFFC  
                    l709 BFDA                      _PR2 000FCB                     _TMR2 000FCC  
                   _main BFDA                     start 0000             ___param_bank 000000  
       __end_of_INIT_PWM C000                    ?_main 0000                    _T2CON 000FCA  
        __initialization BFD4             __end_of_main BFE6                   ??_main 0000  
          __activetblptr 000000               __accesstop 0060  __end_of__initialization BFD4  
              ?_INIT_PWM 0000            ___rparam_used 000001           __pcstackCOMRAM 0000  
             ??_INIT_PWM 0000                  _CCP1CON 000FBD                  _ECCPR1L 000FBB  
                __Hparam 0000                  __Lparam 0000                  __pcinit BFD4  
                __ramtop 0D00                  __ptext0 BFDA                  __ptext1 BFE6  
              _T2CONbits 000FCA     end_of_initialization BFD4                _TRISCbits 000F94  
      __size_of_INIT_PWM 001A      start_initialization BFD4                 _INIT_PWM BFE6  
               __Hrparam 0000                 __Lrparam 0000            __size_of_main 000C  
